[INFO] --- maven-surefire-plugin:2.19.1:test (default-test) @ commons-cli ---

-------------------------------------------------------
 T E S T S
-------------------------------------------------------
Running org.apache.commons.cli.ApplicationTest
Tests run: 5, Failures: 0, Errors: 0, Skipped: 0, Time elapsed: 0.302 sec - in org.apache.commons.cli.ApplicationTest
Running org.apache.commons.cli.ArgumentIsOptionTest
Tests run: 3, Failures: 0, Errors: 0, Skipped: 0, Time elapsed: 0.001 sec - in org.apache.commons.cli.ArgumentIsOptionTest
Running org.apache.commons.cli.BasicParserTest
Tests run: 58, Failures: 0, Errors: 0, Skipped: 24, Time elapsed: 0.003 sec - in org.apache.commons.cli.BasicParserTest
Running org.apache.commons.cli.bug.BugCLI133Test
Tests run: 1, Failures: 0, Errors: 0, Skipped: 0, Time elapsed: 0 sec - in org.apache.commons.cli.bug.BugCLI133Test
Running org.apache.commons.cli.bug.BugCLI13Test
Tests run: 1, Failures: 0, Errors: 0, Skipped: 0, Time elapsed: 0 sec - in org.apache.commons.cli.bug.BugCLI13Test
Running org.apache.commons.cli.bug.BugCLI148Test
Tests run: 2, Failures: 0, Errors: 0, Skipped: 0, Time elapsed: 0 sec - in org.apache.commons.cli.bug.BugCLI148Test
Running org.apache.commons.cli.bug.BugCLI162Test
Tests run: 4, Failures: 0, Errors: 0, Skipped: 0, Time elapsed: 0 sec - in org.apache.commons.cli.bug.BugCLI162Test
Running org.apache.commons.cli.bug.BugCLI18Test
Tests run: 1, Failures: 0, Errors: 0, Skipped: 0, Time elapsed: 0 sec - in org.apache.commons.cli.bug.BugCLI18Test
Running org.apache.commons.cli.bug.BugCLI252Test
Tests run: 2, Failures: 0, Errors: 0, Skipped: 0, Time elapsed: 0 sec - in org.apache.commons.cli.bug.BugCLI252Test
Running org.apache.commons.cli.bug.BugCLI265Test
Tests run: 3, Failures: 0, Errors: 0, Skipped: 0, Time elapsed: 0.001 sec - in org.apache.commons.cli.bug.BugCLI265Test
Running org.apache.commons.cli.bug.BugCLI266Test
org.apache.commons.cli.ApplicationTest
	[org.apache.commons.cli.ApplicationTest] testAnt
	[org.apache.commons.cli.ApplicationTest] testMan
	[org.apache.commons.cli.ApplicationTest] testNLT
	[org.apache.commons.cli.ApplicationTest] testLs
	[org.apache.commons.cli.ApplicationTest] testGroovy
org.apache.commons.cli.ArgumentIsOptionTest
	[org.apache.commons.cli.ArgumentIsOptionTest] testOptionWithArgument
	[org.apache.commons.cli.ArgumentIsOptionTest] testOptionAndOptionWithArgument
	[org.apache.commons.cli.ArgumentIsOptionTest] testOption
org.apache.commons.cli.BasicParserTest
Tests run: 2, Failures: 0, Errors: 0, Skipped: 0, Time elapsed: 0 sec - in org.apache.commons.cli.bug.BugCLI266Test
Running org.apache.commons.cli.bug.BugCLI71Test
	[org.apache.commons.cli.BasicParserTest] testStopBursting2
		[testStopBursting2] Test ignored: org.apache.commons.cli.BasicParserTest.testStopBursting2
	[org.apache.commons.cli.BasicParserTest] testShortWithoutEqual
		[testShortWithoutEqual] Test ignored: org.apache.commons.cli.BasicParserTest.testShortWithoutEqual
	[org.apache.commons.cli.BasicParserTest] testAmbiguousLongWithoutEqualSingleDash
		[testAmbiguousLongWithoutEqualSingleDash] Test ignored: org.apache.commons.cli.BasicParserTest.testAmbiguousLongWithoutEqualSingleDash
	[org.apache.commons.cli.BasicParserTest] testMissingArgWithBursting
		[testMissingArgWithBursting] Test ignored: org.apache.commons.cli.BasicParserTest.testMissingArgWithBursting
	[org.apache.commons.cli.BasicParserTest] testStopBursting
		[testStopBursting] Test ignored: org.apache.commons.cli.BasicParserTest.testStopBursting
	[org.apache.commons.cli.BasicParserTest] testPartialLongOptionSingleDash
		[testPartialLongOptionSingleDash] Test ignored: org.apache.commons.cli.BasicParserTest.testPartialLongOptionSingleDash
	[org.apache.commons.cli.BasicParserTest] testLongWithoutEqualSingleDash
		[testLongWithoutEqualSingleDash] Test ignored: org.apache.commons.cli.BasicParserTest.testLongWithoutEqualSingleDash
	[org.apache.commons.cli.BasicParserTest] testUnrecognizedOptionWithBursting
		[testUnrecognizedOptionWithBursting] Test ignored: org.apache.commons.cli.BasicParserTest.testUnrecognizedOptionWithBursting
	[org.apache.commons.cli.BasicParserTest] testBursting
		[testBursting] Test ignored: org.apache.commons.cli.BasicParserTest.testBursting
	[org.apache.commons.cli.BasicParserTest] testAmbiguousPartialLongOption1
		[testAmbiguousPartialLongOption1] Test ignored: org.apache.commons.cli.BasicParserTest.testAmbiguousPartialLongOption1
	[org.apache.commons.cli.BasicParserTest] testAmbiguousPartialLongOption2
		[testAmbiguousPartialLongOption2] Test ignored: org.apache.commons.cli.BasicParserTest.testAmbiguousPartialLongOption2
	[org.apache.commons.cli.BasicParserTest] testAmbiguousPartialLongOption3
		[testAmbiguousPartialLongOption3] Test ignored: org.apache.commons.cli.BasicParserTest.testAmbiguousPartialLongOption3
	[org.apache.commons.cli.BasicParserTest] testAmbiguousPartialLongOption4
		[testAmbiguousPartialLongOption4] Test ignored: org.apache.commons.cli.BasicParserTest.testAmbiguousPartialLongOption4
	[org.apache.commons.cli.BasicParserTest] testShortWithEqual
		[testShortWithEqual] Test ignored: org.apache.commons.cli.BasicParserTest.testShortWithEqual
	[org.apache.commons.cli.BasicParserTest] testNegativeOption
		[testNegativeOption] Test ignored: org.apache.commons.cli.BasicParserTest.testNegativeOption
	[org.apache.commons.cli.BasicParserTest] testLongWithEqualDoubleDash
		[testLongWithEqualDoubleDash] Test ignored: org.apache.commons.cli.BasicParserTest.testLongWithEqualDoubleDash
	[org.apache.commons.cli.BasicParserTest] testLongWithEqualSingleDash
		[testLongWithEqualSingleDash] Test ignored: org.apache.commons.cli.BasicParserTest.testLongWithEqualSingleDash
	[org.apache.commons.cli.BasicParserTest] testUnambiguousPartialLongOption1
		[testUnambiguousPartialLongOption1] Test ignored: org.apache.commons.cli.BasicParserTest.testUnambiguousPartialLongOption1
	[org.apache.commons.cli.BasicParserTest] testUnambiguousPartialLongOption2
		[testUnambiguousPartialLongOption2] Test ignored: org.apache.commons.cli.BasicParserTest.testUnambiguousPartialLongOption2
	[org.apache.commons.cli.BasicParserTest] testUnambiguousPartialLongOption3
		[testUnambiguousPartialLongOption3] Test ignored: org.apache.commons.cli.BasicParserTest.testUnambiguousPartialLongOption3
	[org.apache.commons.cli.BasicParserTest] testUnambiguousPartialLongOption4
		[testUnambiguousPartialLongOption4] Test ignored: org.apache.commons.cli.BasicParserTest.testUnambiguousPartialLongOption4
	[org.apache.commons.cli.BasicParserTest] testPropertiesOption1
		[testPropertiesOption1] Test ignored: org.apache.commons.cli.BasicParserTest.testPropertiesOption1
	[org.apache.commons.cli.BasicParserTest] testPropertiesOption2
		[testPropertiesOption2] Test ignored: org.apache.commons.cli.BasicParserTest.testPropertiesOption2
	[org.apache.commons.cli.BasicParserTest] testDoubleDash2
		[testDoubleDash2] Test ignored: org.apache.commons.cli.BasicParserTest.testDoubleDash2
	[org.apache.commons.cli.BasicParserTest] testSimpleLong
	[org.apache.commons.cli.BasicParserTest] testSimpleShort
	[org.apache.commons.cli.BasicParserTest] testMissingRequiredOption
	[org.apache.commons.cli.BasicParserTest] testReuseOptionsTwice
	[org.apache.commons.cli.BasicParserTest] testMissingRequiredGroup
	[org.apache.commons.cli.BasicParserTest] testOptionGroupLong
	[org.apache.commons.cli.BasicParserTest] testMissingRequiredOptions
	[org.apache.commons.cli.BasicParserTest] testShortWithUnexpectedArgument
	[org.apache.commons.cli.BasicParserTest] testPropertyOverrideValues
	[org.apache.commons.cli.BasicParserTest] testStopAtNonOptionLong
	[org.apache.commons.cli.BasicParserTest] testNegativeArgument
	[org.apache.commons.cli.BasicParserTest] testStopAtUnexpectedArg
	[org.apache.commons.cli.BasicParserTest] testOptionGroup
	[org.apache.commons.cli.BasicParserTest] testLongWithoutEqualDoubleDash
	[org.apache.commons.cli.BasicParserTest] testPropertyOptionSingularValue
	[org.apache.commons.cli.BasicParserTest] testPropertyOptionMultipleValues
	[org.apache.commons.cli.BasicParserTest] testMissingArg
	[org.apache.commons.cli.BasicParserTest] testPropertyOptionFlags
	[org.apache.commons.cli.BasicParserTest] testPropertyOptionGroup
	[org.apache.commons.cli.BasicParserTest] testMultipleWithLong
	[org.apache.commons.cli.BasicParserTest] testUnrecognizedOption
	[org.apache.commons.cli.BasicParserTest] testPropertyOptionUnexpected
	[org.apache.commons.cli.BasicParserTest] testSingleDash
	[org.apache.commons.cli.BasicParserTest] testWithRequiredOption
	[org.apache.commons.cli.BasicParserTest] testUnlimitedArgs
	[org.apache.commons.cli.BasicParserTest] testPropertyOptionRequired
	[org.apache.commons.cli.BasicParserTest] testOptionAndRequiredOption
	[org.apache.commons.cli.BasicParserTest] testLongWithUnexpectedArgument1
	[org.apache.commons.cli.BasicParserTest] testLongWithUnexpectedArgument2
	[org.apache.commons.cli.BasicParserTest] testStopAtNonOptionShort
	[org.apache.commons.cli.BasicParserTest] testMultiple
	[org.apache.commons.cli.BasicParserTest] testArgumentStartingWithHyphen
	[org.apache.commons.cli.BasicParserTest] testDoubleDash1
	[org.apache.commons.cli.BasicParserTest] testStopAtExpectedArg
org.apache.commons.cli.bug.BugCLI133Test
Tests run: 4, Failures: 0, Errors: 0, Skipped: 0, Time elapsed: 0 sec - in org.apache.commons.cli.bug.BugCLI71Test
	[org.apache.commons.cli.bug.BugCLI133Test] testOrder
Running org.apache.commons.cli.bug.BugsTest
org.apache.commons.cli.bug.BugCLI13Test
	[org.apache.commons.cli.bug.BugCLI13Test] testCLI13
org.apache.commons.cli.bug.BugCLI148Test
	[org.apache.commons.cli.bug.BugCLI148Test] testWorkaround1
	[org.apache.commons.cli.bug.BugCLI148Test] testWorkaround2
org.apache.commons.cli.bug.BugCLI162Test
	[org.apache.commons.cli.bug.BugCLI162Test] testInfiniteLoop
	[org.apache.commons.cli.bug.BugCLI162Test] testLongLineChunkingIndentIgnored
	[org.apache.commons.cli.bug.BugCLI162Test] testLongLineChunking
	[org.apache.commons.cli.bug.BugCLI162Test] testPrintHelpLongLines
org.apache.commons.cli.bug.BugCLI18Test
	[org.apache.commons.cli.bug.BugCLI18Test] testCLI18
org.apache.commons.cli.bug.BugCLI252Test
Tests run: 12, Failures: 0, Errors: 0, Skipped: 0, Time elapsed: 0 sec - in org.apache.commons.cli.bug.BugsTest
Running org.apache.commons.cli.CommandLineTest
	[org.apache.commons.cli.bug.BugCLI252Test] testAmbiquousOptionName
	[org.apache.commons.cli.bug.BugCLI252Test] testExactOptionNameMatch
org.apache.commons.cli.bug.BugCLI265Test
	[org.apache.commons.cli.bug.BugCLI265Test] shouldParseShortOptionWithValue
	[org.apache.commons.cli.bug.BugCLI265Test] shouldParseShortOptionWithoutValue
	[org.apache.commons.cli.bug.BugCLI265Test] shouldParseConcatenatedShortOptions
Tests run: 8, Failures: 0, Errors: 0, Skipped: 0, Time elapsed: 0 sec - in org.apache.commons.cli.CommandLineTest
Running org.apache.commons.cli.DefaultParserTest
Tests run: 58, Failures: 0, Errors: 0, Skipped: 0, Time elapsed: 0.005 sec - in org.apache.commons.cli.DefaultParserTest
Running org.apache.commons.cli.DisablePartialMatchingTest
Tests run: 2, Failures: 0, Errors: 0, Skipped: 0, Time elapsed: 0 sec - in org.apache.commons.cli.DisablePartialMatchingTest
Running org.apache.commons.cli.GnuParserTest
Tests run: 58, Failures: 0, Errors: 0, Skipped: 21, Time elapsed: 0.001 sec - in org.apache.commons.cli.GnuParserTest
Running org.apache.commons.cli.HelpFormatterTest
Tests run: 25, Failures: 0, Errors: 0, Skipped: 0, Time elapsed: 0.001 sec - in org.apache.commons.cli.HelpFormatterTest
Running org.apache.commons.cli.OptionBuilderTest
Tests run: 9, Failures: 0, Errors: 0, Skipped: 0, Time elapsed: 0 sec - in org.apache.commons.cli.OptionBuilderTest
Running org.apache.commons.cli.OptionGroupTest
Tests run: 13, Failures: 0, Errors: 0, Skipped: 0, Time elapsed: 0 sec - in org.apache.commons.cli.OptionGroupTest
Running org.apache.commons.cli.OptionsTest
Tests run: 10, Failures: 0, Errors: 0, Skipped: 0, Time elapsed: 0 sec - in org.apache.commons.cli.OptionsTest
Running org.apache.commons.cli.OptionTest
Tests run: 10, Failures: 0, Errors: 0, Skipped: 0, Time elapsed: 0 sec - in org.apache.commons.cli.OptionTest
	[commons-cli:commons-cli] Exception found converting v to desired type: Unable to parse the URL: foo://commons.apache.org
Running org.apache.commons.cli.PatternOptionBuilderTest
	[commons-cli:commons-cli] Exception found converting d to desired type: Unable to find the class: System.DateTime
	[commons-cli:commons-cli] Exception found converting f to desired type: Unable to find file: non-existing.file
	[commons-cli:commons-cli] Exception found converting x to desired type: For input string: "3,5"
	[commons-cli:commons-cli] Exception found converting i to desired type: java.lang.IllegalAccessException; Unable to create an instance of: java.util.Calendar
	[commons-cli:commons-cli] Exception found converting n to desired type: Unable to find the class: System.DateTime
Tests run: 10, Failures: 0, Errors: 0, Skipped: 0, Time elapsed: 0 sec - in org.apache.commons.cli.PatternOptionBuilderTest
Running org.apache.commons.cli.PosixParserTest
Tests run: 58, Failures: 0, Errors: 0, Skipped: 9, Time elapsed: 0.001 sec - in org.apache.commons.cli.PosixParserTest
Running org.apache.commons.cli.TypeHandlerTest
Tests run: 17, Failures: 0, Errors: 0, Skipped: 0, Time elapsed: 0 sec - in org.apache.commons.cli.TypeHandlerTest
Running org.apache.commons.cli.UtilTest
Tests run: 2, Failures: 1, Errors: 0, Skipped: 0, Time elapsed: 0 sec <<< FAILURE! - in org.apache.commons.cli.UtilTest
testStripLeadingHyphens(org.apache.commons.cli.UtilTest)  Time elapsed: 0 sec  <<< FAILURE!
org.junit.ComparisonFailure: expected:<[]foo> but was:<[-]foo>
	at org.apache.commons.cli.UtilTest.testStripLeadingHyphens(UtilTest.java:31)

Running org.apache.commons.cli.ValuesTest
Tests run: 7, Failures: 0, Errors: 0, Skipped: 0, Time elapsed: 0 sec - in org.apache.commons.cli.ValuesTest
Running org.apache.commons.cli.ValueTest
Tests run: 24, Failures: 0, Errors: 0, Skipped: 0, Time elapsed: 0.001 sec - in org.apache.commons.cli.ValueTest

Results :

Failed tests:
  UtilTest.testStripLeadingHyphens:31 expected:<[]foo> but was:<[-]foo>

Tests run: 409, Failures: 1, Errors: 0, Skipped: 54

[Step 1/1] Failed to execute goal org.apache.maven.plugins:maven-surefire-plugin:2.19.1:test (default-test) on project commons-cli: There are test failures.

Please refer to C:\TeamCity\buildAgent\work\121c41e214b5b6a1\target\surefire-reports for the individual test results.
[INFO] ------------------------------------------------------------------------
[INFO] ------------------------------------------------------------------------
[INFO] BUILD FAILURE
[INFO] ------------------------------------------------------------------------
[INFO] Total time: 11.265s
[INFO] Finished at: Fri Aug 31 17:14:02 CEST 2018
org.apache.commons.cli.bug.BugCLI266Test
	[org.apache.commons.cli.bug.BugCLI266Test] testOptionComparatorInsertedOrder
	[org.apache.commons.cli.bug.BugCLI266Test] testOptionComparatorDefaultOrder
org.apache.commons.cli.bug.BugCLI71Test
	[org.apache.commons.cli.bug.BugCLI71Test] testBasic
	[org.apache.commons.cli.bug.BugCLI71Test] testLackOfError
	[org.apache.commons.cli.bug.BugCLI71Test] testMistakenArgument
	[org.apache.commons.cli.bug.BugCLI71Test] testGetsDefaultIfOptional
org.apache.commons.cli.bug.BugsTest
	[org.apache.commons.cli.bug.BugsTest] test11456
	[org.apache.commons.cli.bug.BugsTest] test11457
	[org.apache.commons.cli.bug.BugsTest] test11458
	[org.apache.commons.cli.bug.BugsTest] test11680
	[org.apache.commons.cli.bug.BugsTest] test12210
	[org.apache.commons.cli.bug.BugsTest] test13425
	[org.apache.commons.cli.bug.BugsTest] test13666
	[org.apache.commons.cli.bug.BugsTest] test13935
	[org.apache.commons.cli.bug.BugsTest] test14786
	[org.apache.commons.cli.bug.BugsTest] test15046
	[org.apache.commons.cli.bug.BugsTest] test15648
	[org.apache.commons.cli.bug.BugsTest] test31148
org.apache.commons.cli.CommandLineTest
	[org.apache.commons.cli.CommandLineTest] testGetParsedOptionValue
	[org.apache.commons.cli.CommandLineTest] testGetParsedOptionValueWithOption
	[org.apache.commons.cli.CommandLineTest] testGetOptions
	[org.apache.commons.cli.CommandLineTest] testNullhOption
	[org.apache.commons.cli.CommandLineTest] testBuilder
	[org.apache.commons.cli.CommandLineTest] testGetOptionProperties
	[org.apache.commons.cli.CommandLineTest] testGetOptionPropertiesWithOption
	[org.apache.commons.cli.CommandLineTest] testGetParsedOptionValueWithChar
org.apache.commons.cli.DefaultParserTest
	[org.apache.commons.cli.DefaultParserTest] testSimpleLong
	[org.apache.commons.cli.DefaultParserTest] testSimpleShort
	[org.apache.commons.cli.DefaultParserTest] testStopBursting2
	[org.apache.commons.cli.DefaultParserTest] testMissingRequiredOption
	[org.apache.commons.cli.DefaultParserTest] testShortWithoutEqual
	[org.apache.commons.cli.DefaultParserTest] testReuseOptionsTwice
	[org.apache.commons.cli.DefaultParserTest] testMissingRequiredGroup
	[org.apache.commons.cli.DefaultParserTest] testOptionGroupLong
	[org.apache.commons.cli.DefaultParserTest] testAmbiguousLongWithoutEqualSingleDash
	[org.apache.commons.cli.DefaultParserTest] testMissingArgWithBursting
	[org.apache.commons.cli.DefaultParserTest] testMissingRequiredOptions
	[org.apache.commons.cli.DefaultParserTest] testShortWithUnexpectedArgument
	[org.apache.commons.cli.DefaultParserTest] testPropertyOverrideValues
	[org.apache.commons.cli.DefaultParserTest] testStopAtNonOptionLong
	[org.apache.commons.cli.DefaultParserTest] testNegativeArgument
	[org.apache.commons.cli.DefaultParserTest] testStopBursting
	[org.apache.commons.cli.DefaultParserTest] testStopAtUnexpectedArg
	[org.apache.commons.cli.DefaultParserTest] testPartialLongOptionSingleDash
	[org.apache.commons.cli.DefaultParserTest] testOptionGroup
	[org.apache.commons.cli.DefaultParserTest] testLongWithoutEqualDoubleDash
	[org.apache.commons.cli.DefaultParserTest] testLongWithoutEqualSingleDash
	[org.apache.commons.cli.DefaultParserTest] testPropertyOptionSingularValue
	[org.apache.commons.cli.DefaultParserTest] testPropertyOptionMultipleValues
	[org.apache.commons.cli.DefaultParserTest] testMissingArg
	[org.apache.commons.cli.DefaultParserTest] testPropertyOptionFlags
	[org.apache.commons.cli.DefaultParserTest] testPropertyOptionGroup
	[org.apache.commons.cli.DefaultParserTest] testUnrecognizedOptionWithBursting
	[org.apache.commons.cli.DefaultParserTest] testMultipleWithLong
	[org.apache.commons.cli.DefaultParserTest] testUnrecognizedOption
	[org.apache.commons.cli.DefaultParserTest] testBursting
	[org.apache.commons.cli.DefaultParserTest] testAmbiguousPartialLongOption1
	[org.apache.commons.cli.DefaultParserTest] testAmbiguousPartialLongOption2
	[org.apache.commons.cli.DefaultParserTest] testAmbiguousPartialLongOption3
	[org.apache.commons.cli.DefaultParserTest] testAmbiguousPartialLongOption4
	[org.apache.commons.cli.DefaultParserTest] testPropertyOptionUnexpected
	[org.apache.commons.cli.DefaultParserTest] testSingleDash
	[org.apache.commons.cli.DefaultParserTest] testShortWithEqual
	[org.apache.commons.cli.DefaultParserTest] testWithRequiredOption
	[org.apache.commons.cli.DefaultParserTest] testUnlimitedArgs
	[org.apache.commons.cli.DefaultParserTest] testNegativeOption
	[org.apache.commons.cli.DefaultParserTest] testPropertyOptionRequired
	[org.apache.commons.cli.DefaultParserTest] testOptionAndRequiredOption
	[org.apache.commons.cli.DefaultParserTest] testLongWithEqualDoubleDash
	[org.apache.commons.cli.DefaultParserTest] testLongWithUnexpectedArgument1
	[org.apache.commons.cli.DefaultParserTest] testLongWithUnexpectedArgument2
	[org.apache.commons.cli.DefaultParserTest] testStopAtNonOptionShort
	[org.apache.commons.cli.DefaultParserTest] testLongWithEqualSingleDash
	[org.apache.commons.cli.DefaultParserTest] testUnambiguousPartialLongOption1
	[org.apache.commons.cli.DefaultParserTest] testUnambiguousPartialLongOption2
	[org.apache.commons.cli.DefaultParserTest] testUnambiguousPartialLongOption3
	[org.apache.commons.cli.DefaultParserTest] testUnambiguousPartialLongOption4
	[org.apache.commons.cli.DefaultParserTest] testMultiple
	[org.apache.commons.cli.DefaultParserTest] testArgumentStartingWithHyphen
	[org.apache.commons.cli.DefaultParserTest] testPropertiesOption1
	[org.apache.commons.cli.DefaultParserTest] testPropertiesOption2
	[org.apache.commons.cli.DefaultParserTest] testDoubleDash1
	[org.apache.commons.cli.DefaultParserTest] testDoubleDash2
	[org.apache.commons.cli.DefaultParserTest] testStopAtExpectedArg
org.apache.commons.cli.DisablePartialMatchingTest
	[org.apache.commons.cli.DisablePartialMatchingTest] testDisablePartialMatching
	[org.apache.commons.cli.DisablePartialMatchingTest] testRegularPartialMatching
org.apache.commons.cli.GnuParserTest
	[org.apache.commons.cli.GnuParserTest] testStopBursting2
		[testStopBursting2] Test ignored: org.apache.commons.cli.GnuParserTest.testStopBursting2
	[org.apache.commons.cli.GnuParserTest] testAmbiguousLongWithoutEqualSingleDash
		[testAmbiguousLongWithoutEqualSingleDash] Test ignored: org.apache.commons.cli.GnuParserTest.testAmbiguousLongWithoutEqualSingleDash
	[org.apache.commons.cli.GnuParserTest] testMissingArgWithBursting
		[testMissingArgWithBursting] Test ignored: org.apache.commons.cli.GnuParserTest.testMissingArgWithBursting
	[org.apache.commons.cli.GnuParserTest] testShortWithUnexpectedArgument
		[testShortWithUnexpectedArgument] Test ignored: org.apache.commons.cli.GnuParserTest.testShortWithUnexpectedArgument
	[org.apache.commons.cli.GnuParserTest] testStopBursting
		[testStopBursting] Test ignored: org.apache.commons.cli.GnuParserTest.testStopBursting
	[org.apache.commons.cli.GnuParserTest] testPartialLongOptionSingleDash
		[testPartialLongOptionSingleDash] Test ignored: org.apache.commons.cli.GnuParserTest.testPartialLongOptionSingleDash
	[org.apache.commons.cli.GnuParserTest] testLongWithoutEqualSingleDash
		[testLongWithoutEqualSingleDash] Test ignored: org.apache.commons.cli.GnuParserTest.testLongWithoutEqualSingleDash
	[org.apache.commons.cli.GnuParserTest] testUnrecognizedOptionWithBursting
		[testUnrecognizedOptionWithBursting] Test ignored: org.apache.commons.cli.GnuParserTest.testUnrecognizedOptionWithBursting
	[org.apache.commons.cli.GnuParserTest] testBursting
		[testBursting] Test ignored: org.apache.commons.cli.GnuParserTest.testBursting
	[org.apache.commons.cli.GnuParserTest] testAmbiguousPartialLongOption1
		[testAmbiguousPartialLongOption1] Test ignored: org.apache.commons.cli.GnuParserTest.testAmbiguousPartialLongOption1
	[org.apache.commons.cli.GnuParserTest] testAmbiguousPartialLongOption2
		[testAmbiguousPartialLongOption2] Test ignored: org.apache.commons.cli.GnuParserTest.testAmbiguousPartialLongOption2
	[org.apache.commons.cli.GnuParserTest] testAmbiguousPartialLongOption3
		[testAmbiguousPartialLongOption3] Test ignored: org.apache.commons.cli.GnuParserTest.testAmbiguousPartialLongOption3
	[org.apache.commons.cli.GnuParserTest] testAmbiguousPartialLongOption4
		[testAmbiguousPartialLongOption4] Test ignored: org.apache.commons.cli.GnuParserTest.testAmbiguousPartialLongOption4
	[org.apache.commons.cli.GnuParserTest] testNegativeOption
		[testNegativeOption] Test ignored: org.apache.commons.cli.GnuParserTest.testNegativeOption
	[org.apache.commons.cli.GnuParserTest] testLongWithUnexpectedArgument1
		[testLongWithUnexpectedArgument1] Test ignored: org.apache.commons.cli.GnuParserTest.testLongWithUnexpectedArgument1
	[org.apache.commons.cli.GnuParserTest] testLongWithUnexpectedArgument2
		[testLongWithUnexpectedArgument2] Test ignored: org.apache.commons.cli.GnuParserTest.testLongWithUnexpectedArgument2
	[org.apache.commons.cli.GnuParserTest] testUnambiguousPartialLongOption1
		[testUnambiguousPartialLongOption1] Test ignored: org.apache.commons.cli.GnuParserTest.testUnambiguousPartialLongOption1
	[org.apache.commons.cli.GnuParserTest] testUnambiguousPartialLongOption2
		[testUnambiguousPartialLongOption2] Test ignored: org.apache.commons.cli.GnuParserTest.testUnambiguousPartialLongOption2
	[org.apache.commons.cli.GnuParserTest] testUnambiguousPartialLongOption3
		[testUnambiguousPartialLongOption3] Test ignored: org.apache.commons.cli.GnuParserTest.testUnambiguousPartialLongOption3
	[org.apache.commons.cli.GnuParserTest] testUnambiguousPartialLongOption4
		[testUnambiguousPartialLongOption4] Test ignored: org.apache.commons.cli.GnuParserTest.testUnambiguousPartialLongOption4
	[org.apache.commons.cli.GnuParserTest] testDoubleDash2
		[testDoubleDash2] Test ignored: org.apache.commons.cli.GnuParserTest.testDoubleDash2
	[org.apache.commons.cli.GnuParserTest] testSimpleLong
	[org.apache.commons.cli.GnuParserTest] testSimpleShort
	[org.apache.commons.cli.GnuParserTest] testMissingRequiredOption
	[org.apache.commons.cli.GnuParserTest] testShortWithoutEqual
	[org.apache.commons.cli.GnuParserTest] testReuseOptionsTwice
	[org.apache.commons.cli.GnuParserTest] testMissingRequiredGroup
	[org.apache.commons.cli.GnuParserTest] testOptionGroupLong
	[org.apache.commons.cli.GnuParserTest] testMissingRequiredOptions
	[org.apache.commons.cli.GnuParserTest] testPropertyOverrideValues
	[org.apache.commons.cli.GnuParserTest] testStopAtNonOptionLong
	[org.apache.commons.cli.GnuParserTest] testNegativeArgument
	[org.apache.commons.cli.GnuParserTest] testStopAtUnexpectedArg
	[org.apache.commons.cli.GnuParserTest] testOptionGroup
	[org.apache.commons.cli.GnuParserTest] testLongWithoutEqualDoubleDash
	[org.apache.commons.cli.GnuParserTest] testPropertyOptionSingularValue
	[org.apache.commons.cli.GnuParserTest] testPropertyOptionMultipleValues
	[org.apache.commons.cli.GnuParserTest] testMissingArg
	[org.apache.commons.cli.GnuParserTest] testPropertyOptionFlags
	[org.apache.commons.cli.GnuParserTest] testPropertyOptionGroup
	[org.apache.commons.cli.GnuParserTest] testMultipleWithLong
	[org.apache.commons.cli.GnuParserTest] testUnrecognizedOption
	[org.apache.commons.cli.GnuParserTest] testPropertyOptionUnexpected
	[org.apache.commons.cli.GnuParserTest] testSingleDash
	[org.apache.commons.cli.GnuParserTest] testShortWithEqual
	[org.apache.commons.cli.GnuParserTest] testWithRequiredOption
	[org.apache.commons.cli.GnuParserTest] testUnlimitedArgs
	[org.apache.commons.cli.GnuParserTest] testPropertyOptionRequired
	[org.apache.commons.cli.GnuParserTest] testOptionAndRequiredOption
	[org.apache.commons.cli.GnuParserTest] testLongWithEqualDoubleDash
	[org.apache.commons.cli.GnuParserTest] testStopAtNonOptionShort
	[org.apache.commons.cli.GnuParserTest] testLongWithEqualSingleDash
	[org.apache.commons.cli.GnuParserTest] testMultiple
	[org.apache.commons.cli.GnuParserTest] testArgumentStartingWithHyphen
	[org.apache.commons.cli.GnuParserTest] testPropertiesOption1
	[org.apache.commons.cli.GnuParserTest] testPropertiesOption2
	[org.apache.commons.cli.GnuParserTest] testDoubleDash1
	[org.apache.commons.cli.GnuParserTest] testStopAtExpectedArg
org.apache.commons.cli.HelpFormatterTest
	[org.apache.commons.cli.HelpFormatterTest] testUsageWithLongOptSeparator
	[org.apache.commons.cli.HelpFormatterTest] testRenderWrappedTextSingleLine
	[org.apache.commons.cli.HelpFormatterTest] testIndentedHeaderAndFooter
	[org.apache.commons.cli.HelpFormatterTest] testPrintSortedUsageWithNullComparator
	[org.apache.commons.cli.HelpFormatterTest] testAccessors
	[org.apache.commons.cli.HelpFormatterTest] testRtrim
[INFO] Final Memory: 24M/281M
	[org.apache.commons.cli.HelpFormatterTest] testPrintRequiredOptionGroupUsage
[INFO] ------------------------------------------------------------------------
	[org.apache.commons.cli.HelpFormatterTest] testHelpWithLongOptSeparator
	[org.apache.commons.cli.HelpFormatterTest] testRenderWrappedTextSingleLinePadded
	[org.apache.commons.cli.HelpFormatterTest] testRenderWrappedTextMultiLine
	[org.apache.commons.cli.HelpFormatterTest] testPrintUsage
	[org.apache.commons.cli.HelpFormatterTest] testPrintSortedUsage
	[org.apache.commons.cli.HelpFormatterTest] testPrintHelpWithEmptySyntax
	[org.apache.commons.cli.HelpFormatterTest] testPrintOptions
	[org.apache.commons.cli.HelpFormatterTest] testAutomaticUsage
	[org.apache.commons.cli.HelpFormatterTest] testDefaultArgName
	[org.apache.commons.cli.HelpFormatterTest] testHeaderStartingWithLineSeparator
	[org.apache.commons.cli.HelpFormatterTest] testRenderWrappedTextWordCut
	[org.apache.commons.cli.HelpFormatterTest] testOptionWithoutShortFormat
	[org.apache.commons.cli.HelpFormatterTest] testRenderWrappedTextMultiLinePadded
	[org.apache.commons.cli.HelpFormatterTest] testPrintOptionGroupUsage
	[org.apache.commons.cli.HelpFormatterTest] testPrintOptionWithEmptyArgNameUsage
	[org.apache.commons.cli.HelpFormatterTest] testRenderWrappedTextSingleLinePadded2
	[org.apache.commons.cli.HelpFormatterTest] testOptionWithoutShortFormat2
	[org.apache.commons.cli.HelpFormatterTest] testFindWrapPos
org.apache.commons.cli.OptionBuilderTest
	[org.apache.commons.cli.OptionBuilderTest] testBaseOptionStringOpt
	[org.apache.commons.cli.OptionBuilderTest] testTwoCompleteOptions
	[org.apache.commons.cli.OptionBuilderTest] testBuilderIsResettedAlways
	[org.apache.commons.cli.OptionBuilderTest] testCompleteOption
	[org.apache.commons.cli.OptionBuilderTest] testCreateIncompleteOption
	[org.apache.commons.cli.OptionBuilderTest] testOptionArgNumbers
	[org.apache.commons.cli.OptionBuilderTest] testIllegalOptions
	[org.apache.commons.cli.OptionBuilderTest] testSpecialOptChars
	[org.apache.commons.cli.OptionBuilderTest] testBaseOptionCharOpt
org.apache.commons.cli.OptionGroupTest
	[org.apache.commons.cli.OptionGroupTest] testTwoOptionsFromDifferentGroup
	[org.apache.commons.cli.OptionGroupTest] testNoOptionsExtraArgs
	[org.apache.commons.cli.OptionGroupTest] testGetNames
	[org.apache.commons.cli.OptionGroupTest] testTwoValidOptions
	[org.apache.commons.cli.OptionGroupTest] testSingleOption
	[org.apache.commons.cli.OptionGroupTest] testToString
	[org.apache.commons.cli.OptionGroupTest] testTwoOptionsFromGroup
	[org.apache.commons.cli.OptionGroupTest] testTwoValidLongOptions
	[org.apache.commons.cli.OptionGroupTest] testSingleOptionFromGroup
	[org.apache.commons.cli.OptionGroupTest] testTwoOptionsFromGroupWithProperties
	[org.apache.commons.cli.OptionGroupTest] testTwoLongOptionsFromGroup
	[org.apache.commons.cli.OptionGroupTest] testSingleLongOption
	[org.apache.commons.cli.OptionGroupTest] testValidLongOnlyOptions
org.apache.commons.cli.OptionsTest
	[org.apache.commons.cli.OptionsTest] testMissingOptionsException
	[org.apache.commons.cli.OptionsTest] testGetMatchingOpts
	[org.apache.commons.cli.OptionsTest] testLong
	[org.apache.commons.cli.OptionsTest] testToString
	[org.apache.commons.cli.OptionsTest] testHelpOptions
	[org.apache.commons.cli.OptionsTest] testMissingOptionException
	[org.apache.commons.cli.OptionsTest] testDuplicateSimple
	[org.apache.commons.cli.OptionsTest] testGetOptionsGroups
	[org.apache.commons.cli.OptionsTest] testDuplicateLong
	[org.apache.commons.cli.OptionsTest] testSimple
org.apache.commons.cli.OptionTest
	[org.apache.commons.cli.OptionTest] testGetValue
	[org.apache.commons.cli.OptionTest] testSubclass
	[org.apache.commons.cli.OptionTest] testClear
	[org.apache.commons.cli.OptionTest] testClone
	[org.apache.commons.cli.OptionTest] testBuilderMethods
	[org.apache.commons.cli.OptionTest] testHasArgs
	[org.apache.commons.cli.OptionTest] testHasArgName
	[org.apache.commons.cli.OptionTest] testHashCode
	[org.apache.commons.cli.OptionTest] testBuilderInsufficientParams1
	[org.apache.commons.cli.OptionTest] testBuilderInsufficientParams2
org.apache.commons.cli.PatternOptionBuilderTest
	[org.apache.commons.cli.PatternOptionBuilderTest] testSimplePattern
	[org.apache.commons.cli.PatternOptionBuilderTest] testExistingFilePattern
	[org.apache.commons.cli.PatternOptionBuilderTest] testURLPattern
	[org.apache.commons.cli.PatternOptionBuilderTest] testEmptyPattern
	[org.apache.commons.cli.PatternOptionBuilderTest] testClassPattern
	[org.apache.commons.cli.PatternOptionBuilderTest] testRequiredOption
	[org.apache.commons.cli.PatternOptionBuilderTest] testExistingFilePatternFileNotExist
	[org.apache.commons.cli.PatternOptionBuilderTest] testNumberPattern
	[org.apache.commons.cli.PatternOptionBuilderTest] testUntypedPattern
	[org.apache.commons.cli.PatternOptionBuilderTest] testObjectPattern
org.apache.commons.cli.PosixParserTest
	[org.apache.commons.cli.PosixParserTest] testAmbiguousLongWithoutEqualSingleDash
		[testAmbiguousLongWithoutEqualSingleDash] Test ignored: org.apache.commons.cli.PosixParserTest.testAmbiguousLongWithoutEqualSingleDash
	[org.apache.commons.cli.PosixParserTest] testLongWithoutEqualSingleDash
		[testLongWithoutEqualSingleDash] Test ignored: org.apache.commons.cli.PosixParserTest.testLongWithoutEqualSingleDash
	[org.apache.commons.cli.PosixParserTest] testAmbiguousPartialLongOption4
		[testAmbiguousPartialLongOption4] Test ignored: org.apache.commons.cli.PosixParserTest.testAmbiguousPartialLongOption4
	[org.apache.commons.cli.PosixParserTest] testShortWithEqual
		[testShortWithEqual] Test ignored: org.apache.commons.cli.PosixParserTest.testShortWithEqual
	[org.apache.commons.cli.PosixParserTest] testNegativeOption
		[testNegativeOption] Test ignored: org.apache.commons.cli.PosixParserTest.testNegativeOption
	[org.apache.commons.cli.PosixParserTest] testLongWithUnexpectedArgument1
		[testLongWithUnexpectedArgument1] Test ignored: org.apache.commons.cli.PosixParserTest.testLongWithUnexpectedArgument1
	[org.apache.commons.cli.PosixParserTest] testLongWithEqualSingleDash
		[testLongWithEqualSingleDash] Test ignored: org.apache.commons.cli.PosixParserTest.testLongWithEqualSingleDash
	[org.apache.commons.cli.PosixParserTest] testUnambiguousPartialLongOption4
		[testUnambiguousPartialLongOption4] Test ignored: org.apache.commons.cli.PosixParserTest.testUnambiguousPartialLongOption4
	[org.apache.commons.cli.PosixParserTest] testDoubleDash2
		[testDoubleDash2] Test ignored: org.apache.commons.cli.PosixParserTest.testDoubleDash2
	[org.apache.commons.cli.PosixParserTest] testSimpleLong
	[org.apache.commons.cli.PosixParserTest] testSimpleShort
	[org.apache.commons.cli.PosixParserTest] testStopBursting2
	[org.apache.commons.cli.PosixParserTest] testMissingRequiredOption
	[org.apache.commons.cli.PosixParserTest] testShortWithoutEqual
	[org.apache.commons.cli.PosixParserTest] testReuseOptionsTwice
	[org.apache.commons.cli.PosixParserTest] testMissingRequiredGroup
	[org.apache.commons.cli.PosixParserTest] testOptionGroupLong
	[org.apache.commons.cli.PosixParserTest] testMissingArgWithBursting
	[org.apache.commons.cli.PosixParserTest] testMissingRequiredOptions
	[org.apache.commons.cli.PosixParserTest] testShortWithUnexpectedArgument
	[org.apache.commons.cli.PosixParserTest] testPropertyOverrideValues
	[org.apache.commons.cli.PosixParserTest] testStopAtNonOptionLong
	[org.apache.commons.cli.PosixParserTest] testNegativeArgument
	[org.apache.commons.cli.PosixParserTest] testStopBursting
	[org.apache.commons.cli.PosixParserTest] testStopAtUnexpectedArg
	[org.apache.commons.cli.PosixParserTest] testPartialLongOptionSingleDash
	[org.apache.commons.cli.PosixParserTest] testOptionGroup
	[org.apache.commons.cli.PosixParserTest] testLongWithoutEqualDoubleDash
	[org.apache.commons.cli.PosixParserTest] testPropertyOptionSingularValue
	[org.apache.commons.cli.PosixParserTest] testPropertyOptionMultipleValues
	[org.apache.commons.cli.PosixParserTest] testMissingArg
	[org.apache.commons.cli.PosixParserTest] testPropertyOptionFlags
	[org.apache.commons.cli.PosixParserTest] testPropertyOptionGroup
	[org.apache.commons.cli.PosixParserTest] testUnrecognizedOptionWithBursting
	[org.apache.commons.cli.PosixParserTest] testMultipleWithLong
	[org.apache.commons.cli.PosixParserTest] testUnrecognizedOption
	[org.apache.commons.cli.PosixParserTest] testBursting
	[org.apache.commons.cli.PosixParserTest] testAmbiguousPartialLongOption1
	[org.apache.commons.cli.PosixParserTest] testAmbiguousPartialLongOption2
	[org.apache.commons.cli.PosixParserTest] testAmbiguousPartialLongOption3
	[org.apache.commons.cli.PosixParserTest] testPropertyOptionUnexpected
	[org.apache.commons.cli.PosixParserTest] testSingleDash
	[org.apache.commons.cli.PosixParserTest] testWithRequiredOption
	[org.apache.commons.cli.PosixParserTest] testUnlimitedArgs
	[org.apache.commons.cli.PosixParserTest] testPropertyOptionRequired
	[org.apache.commons.cli.PosixParserTest] testOptionAndRequiredOption
	[org.apache.commons.cli.PosixParserTest] testLongWithEqualDoubleDash
	[org.apache.commons.cli.PosixParserTest] testLongWithUnexpectedArgument2
	[org.apache.commons.cli.PosixParserTest] testStopAtNonOptionShort
	[org.apache.commons.cli.PosixParserTest] testUnambiguousPartialLongOption1
	[org.apache.commons.cli.PosixParserTest] testUnambiguousPartialLongOption2
	[org.apache.commons.cli.PosixParserTest] testUnambiguousPartialLongOption3
	[org.apache.commons.cli.PosixParserTest] testMultiple
	[org.apache.commons.cli.PosixParserTest] testArgumentStartingWithHyphen
	[org.apache.commons.cli.PosixParserTest] testPropertiesOption1
	[org.apache.commons.cli.PosixParserTest] testPropertiesOption2
	[org.apache.commons.cli.PosixParserTest] testDoubleDash1
	[org.apache.commons.cli.PosixParserTest] testStopAtExpectedArg
org.apache.commons.cli.TypeHandlerTest
	[org.apache.commons.cli.TypeHandlerTest] testCreateValueNumber_Long
	[org.apache.commons.cli.TypeHandlerTest] testCreateValueURL
	[org.apache.commons.cli.TypeHandlerTest] testCreateValueClass
	[org.apache.commons.cli.TypeHandlerTest] testCreateValueFiles
	[org.apache.commons.cli.TypeHandlerTest] testCreateValueNumber_noNumber
	[org.apache.commons.cli.TypeHandlerTest] testCreateValueObject_notInstantiableClass
	[org.apache.commons.cli.TypeHandlerTest] testCreateValueObject_InstantiableClass
	[org.apache.commons.cli.TypeHandlerTest] testCreateValueExistingFile_nonExistingFile
	[org.apache.commons.cli.TypeHandlerTest] testCreateValueExistingFile
	[org.apache.commons.cli.TypeHandlerTest] testCreateValueClass_notFound
	[org.apache.commons.cli.TypeHandlerTest] testCreateValueNumber_Double
	[org.apache.commons.cli.TypeHandlerTest] testCreateValueString
	[org.apache.commons.cli.TypeHandlerTest] testCreateValueObject_unknownClass
	[org.apache.commons.cli.TypeHandlerTest] testCreateValueURL_malformed
	[org.apache.commons.cli.TypeHandlerTest] testCreateValueDate
	[org.apache.commons.cli.TypeHandlerTest] testCreateValueFile
	[org.apache.commons.cli.TypeHandlerTest] testCreateValueInteger_failure
org.apache.commons.cli.UtilTest
	[org.apache.commons.cli.UtilTest] testStripLeadingAndTrailingQuotes
	[org.apache.commons.cli.UtilTest] testStripLeadingHyphens
		[testStripLeadingHyphens] org.junit.ComparisonFailure: expected:<[]foo> but was:<[-]foo>
		[testStripLeadingHyphens] org.junit.ComparisonFailure: expected:<[]foo> but was:<[-]foo>
	at org.apache.commons.cli.UtilTest.testStripLeadingHyphens(UtilTest.java:31)
Failed tests detected
org.apache.commons.cli.ValuesTest
	[org.apache.commons.cli.ValuesTest] testTwoArgValues
	[org.apache.commons.cli.ValuesTest] testShortArgs
	[org.apache.commons.cli.ValuesTest] testCharSeparator
	[org.apache.commons.cli.ValuesTest] testExtraArgs
	[org.apache.commons.cli.ValuesTest] testShortArgsWithValue
	[org.apache.commons.cli.ValuesTest] testComplexValues
	[org.apache.commons.cli.ValuesTest] testMultipleArgValues
org.apache.commons.cli.ValueTest
	[org.apache.commons.cli.ValueTest] testLongOptionalArgValuesWithOption
[ERROR] Failed to execute goal org.apache.maven.plugins:maven-surefire-plugin:2.19.1:test (default-test) on project commons-cli: There are test failures.
	[org.apache.commons.cli.ValueTest] testShortOptionalNArgValuesWithOption
[ERROR]
[ERROR] Please refer to C:\TeamCity\buildAgent\work\121c41e214b5b6a1\target\surefire-reports for the individual test results.
[ERROR] -> [Help 1]
	[org.apache.commons.cli.ValueTest] testShortOptionalArgValues
[ERROR]
[ERROR] To see the full stack trace of the errors, re-run Maven with the -e switch.
[ERROR] Re-run Maven using the -X switch to enable full debug logging.
[ERROR]
	[org.apache.commons.cli.ValueTest] testShortOptionalArgValuesWithOption
[ERROR] For more information about the errors and possible solutions, please read the following articles:
	[org.apache.commons.cli.ValueTest] testShortOptionalArgValueWithOption
[ERROR] [Help 1] http://cwiki.apache.org/confluence/display/MAVEN/MojoFailureException
	[org.apache.commons.cli.ValueTest] testLongOptionalArgValue
	[org.apache.commons.cli.ValueTest] testShortOptionalArgNoValue
	[org.apache.commons.cli.ValueTest] testShortNoArgWithOption
	[org.apache.commons.cli.ValueTest] testLongWithArg
	[org.apache.commons.cli.ValueTest] testLongOptionalNArgValuesWithOption
	[org.apache.commons.cli.ValueTest] testLongOptionalNArgValues
	[org.apache.commons.cli.ValueTest] testShortWithArgWithOption
	[org.apache.commons.cli.ValueTest] testShortWithArg
	[org.apache.commons.cli.ValueTest] testLongOptionalArgValueWithOption
	[org.apache.commons.cli.ValueTest] testLongOptionalArgValues
	[org.apache.commons.cli.ValueTest] testShortOptionalNArgValues
	[org.apache.commons.cli.ValueTest] testLongNoArgWithOption
	[org.apache.commons.cli.ValueTest] testLongOptionalNoValueWithOption
	[org.apache.commons.cli.ValueTest] testLongNoArg
	[org.apache.commons.cli.ValueTest] testShortNoArg
	[org.apache.commons.cli.ValueTest] testLongOptionalNoValue
	[org.apache.commons.cli.ValueTest] testShortOptionalArgValue
	[org.apache.commons.cli.ValueTest] testShortOptionalArgNoValueWithOption
	[org.apache.commons.cli.ValueTest] testLongWithArgWithOption
Process exited with code 1