Build 'Demo Bank Account :: Maven Clean Test' #3, branch 'test'
Started 2018-06-04 15:18:22 on 'W541' by 'alex'
Finished 2018-06-04 15:18:31 with status FAILURE 'Tests failed: 4, passed: 9'
VCS revisions: 'githubalexscheitlin/demo-bank-account' (Git): 23b7be3087be640c344d60e0ca803b912cf3a757 (branch 'refs/heads/test')
TeamCity URL http://localhost/viewLog.html?buildId=3&buildTypeId=DemoBankAccount_MavenCleanBuild 
TeamCity server version is 2017.2.4 (build 51228), server timezone: MESZ (UTC+02:00)

[15:18:21]E: bt1 (10s)
[15:18:21]i: TeamCity server version is 2017.2.4 (build 51228)
[15:18:21] : The build is removed from the queue to be prepared for the start
[15:18:21] : Collecting changes in 1 VCS root (1s)
[15:18:21] :	 [Collecting changes in 1 VCS root] VCS Root details
[15:18:21] :		 [VCS Root details] "https://github.com/alexscheitlin/demo-bank-account#refs/heads/master" {instance id=1, parent internal id=1, parent id=DemoBankAccount_HttpsGithubComAlexscheitlinDemoBankAccountRefsHeadsMaster, description: "https://github.com/alexscheitlin/demo-bank-account#refs/heads/master"}
[15:18:22]i:	 [Collecting changes in 1 VCS root] Detecting changes in VCS root 'https://github.com/alexscheitlin/demo-bank-account#refs/heads/master' (used in 'Maven Clean Test')
[15:18:22]i:	 [Collecting changes in 1 VCS root] Will collect changes for 'https://github.com/alexscheitlin/demo-bank-account#refs/heads/master' starting from revision 5d88047f4227f8b5c195c3d22c7b737186f02cc7
[15:18:22] :	 [Collecting changes in 1 VCS root] Compute revision for 'https://github.com/alexscheitlin/demo-bank-account#refs/heads/master'
[15:18:22] :		 [Compute revision for 'https://github.com/alexscheitlin/demo-bank-account#refs/heads/master'] Upper limit revision: 23b7be3087be640c344d60e0ca803b912cf3a757
[15:18:22]i:		 [Compute revision for 'https://github.com/alexscheitlin/demo-bank-account#refs/heads/master'] MaxModId = null
[15:18:22] :		 [Compute revision for 'https://github.com/alexscheitlin/demo-bank-account#refs/heads/master'] Cannot find modification with revision 23b7be3087be640c344d60e0ca803b912cf3a757
[15:18:22] :		 [Compute revision for 'https://github.com/alexscheitlin/demo-bank-account#refs/heads/master'] No modification from VCS root is attached to build configuration, use upper limit revision
[15:18:22] :		 [Compute revision for 'https://github.com/alexscheitlin/demo-bank-account#refs/heads/master'] Computed revision: 23b7be3087be640c344d60e0ca803b912cf3a757
[15:18:22] : Starting the build on the agent W541
[15:18:22]i: Agent time zone: Europe/Berlin
[15:18:23]i: Agent is running under JRE: 1.8.0_161-b12
[15:18:23] : Clearing temporary directory: C:\TeamCity\buildAgent\temp\buildTmp
[15:18:23] : Publishing internal artifacts (4s)
[15:18:28] :	 [Publishing internal artifacts] Publishing 1 file using [WebPublisher]
[15:18:28] :	 [Publishing internal artifacts] Publishing 1 file using [ArtifactsCachePublisher]
[15:18:23] : Using vcs information from agent file: dc680b5ed78c7e4e.xml
[15:18:23] : Checkout directory: C:\TeamCity\buildAgent\work\dc680b5ed78c7e4e
[15:18:23] : Updating sources: auto checkout (on agent) (3s)
[15:18:23] :	 [Updating sources] Will use agent side checkout
[15:18:23] :	 [Updating sources] VCS Root: https://github.com/alexscheitlin/demo-bank-account#refs/heads/master (3s)
[15:18:23] :		 [VCS Root: https://github.com/alexscheitlin/demo-bank-account#refs/heads/master] revision: 23b7be3087be640c344d60e0ca803b912cf3a757
[15:18:23] :		 [VCS Root: https://github.com/alexscheitlin/demo-bank-account#refs/heads/master] Git version: 2.16.2.0
[15:18:23] :		 [VCS Root: https://github.com/alexscheitlin/demo-bank-account#refs/heads/master] Update git mirror (C:\TeamCity\buildAgent\system\git\git-1549344D.git) (2s)
[15:18:23] :			 [Update git mirror (C:\TeamCity\buildAgent\system\git\git-1549344D.git)] "C:\Program Files\Git\bin\git.exe" show-ref
[15:18:23] :			 [Update git mirror (C:\TeamCity\buildAgent\system\git\git-1549344D.git)] "C:\Program Files\Git\bin\git.exe" -c core.askpass=C:\TeamCity\buildAgent\temp\buildTmp\pass1230211773479882242.bat -c credential.helper= ls-remote origin
[15:18:24] :			 [Update git mirror (C:\TeamCity\buildAgent\system\git\git-1549344D.git)] "C:\Program Files\Git\bin\git.exe" show-ref refs/remotes/origin/test
[15:18:24] :			 [Update git mirror (C:\TeamCity\buildAgent\system\git\git-1549344D.git)] "C:\Program Files\Git\bin\git.exe" show-ref refs/heads/test
[15:18:24] :			 [Update git mirror (C:\TeamCity\buildAgent\system\git\git-1549344D.git)] "C:\Program Files\Git\bin\git.exe" -c core.askpass=C:\TeamCity\buildAgent\temp\buildTmp\pass144043311963087103.bat -c credential.helper= fetch --progress origin +refs/heads/test:refs/heads/test (1s)
[15:18:25]i:				 ["C:\Program Files\Git\bin\git.exe" -c core.askpass=C:\TeamCity\buildAgent\temp\buildTmp\pass144043311963087103.bat -c credential.helper= fetch --progress origin +refs/heads/test:refs/heads/test] remote: Counting objects: 3, done.        
[15:18:25]i:				 ["C:\Program Files\Git\bin\git.exe" -c core.askpass=C:\TeamCity\buildAgent\temp\buildTmp\pass144043311963087103.bat -c credential.helper= fetch --progress origin +refs/heads/test:refs/heads/test] remote: Compressing objects: 100% (1/1)           
[15:18:25]i:				 ["C:\Program Files\Git\bin\git.exe" -c core.askpass=C:\TeamCity\buildAgent\temp\buildTmp\pass144043311963087103.bat -c credential.helper= fetch --progress origin +refs/heads/test:refs/heads/test] remote: Compressing objects: 100% (1/1), done.        
[15:18:25]i:				 ["C:\Program Files\Git\bin\git.exe" -c core.askpass=C:\TeamCity\buildAgent\temp\buildTmp\pass144043311963087103.bat -c credential.helper= fetch --progress origin +refs/heads/test:refs/heads/test] remote: Total 3 (delta 1), reused 3 (delta 1), pack-reused 0        
[15:18:25]i:				 ["C:\Program Files\Git\bin\git.exe" -c core.askpass=C:\TeamCity\buildAgent\temp\buildTmp\pass144043311963087103.bat -c credential.helper= fetch --progress origin +refs/heads/test:refs/heads/test] From https://github.com/alexscheitlin/demo-bank-account
[15:18:25]i:				 ["C:\Program Files\Git\bin\git.exe" -c core.askpass=C:\TeamCity\buildAgent\temp\buildTmp\pass144043311963087103.bat -c credential.helper= fetch --progress origin +refs/heads/test:refs/heads/test]  * [new branch]      test       -> test
[15:18:25]i:				 ["C:\Program Files\Git\bin\git.exe" -c core.askpass=C:\TeamCity\buildAgent\temp\buildTmp\pass144043311963087103.bat -c credential.helper= fetch --progress origin +refs/heads/test:refs/heads/test]  * [new branch]      test       -> origin/test
[15:18:25] :			 [Update git mirror (C:\TeamCity\buildAgent\system\git\git-1549344D.git)] "C:\Program Files\Git\bin\git.exe" log -n1 --pretty=format:%H%x20%s 23b7be3087be640c344d60e0ca803b912cf3a757 --
[15:18:25] :			 [Update git mirror (C:\TeamCity\buildAgent\system\git\git-1549344D.git)] "C:\Program Files\Git\bin\git.exe" pack-refs --all
[15:18:25] :		 [VCS Root: https://github.com/alexscheitlin/demo-bank-account#refs/heads/master] Update checkout directory (C:\TeamCity\buildAgent\work\dc680b5ed78c7e4e)
[15:18:25] :			 [Update checkout directory (C:\TeamCity\buildAgent\work\dc680b5ed78c7e4e)] "C:\Program Files\Git\bin\git.exe" config lfs.storage C:\TeamCity\buildAgent\system\git\git-1549344D.git\lfs
[15:18:26] :			 [Update checkout directory (C:\TeamCity\buildAgent\work\dc680b5ed78c7e4e)] "C:\Program Files\Git\bin\git.exe" config core.sparseCheckout true
[15:18:26] :			 [Update checkout directory (C:\TeamCity\buildAgent\work\dc680b5ed78c7e4e)] "C:\Program Files\Git\bin\git.exe" show-ref
[15:18:26] :			 [Update checkout directory (C:\TeamCity\buildAgent\work\dc680b5ed78c7e4e)] "C:\Program Files\Git\bin\git.exe" show-ref refs/remotes/origin/test
[15:18:26] :			 [Update checkout directory (C:\TeamCity\buildAgent\work\dc680b5ed78c7e4e)] "C:\Program Files\Git\bin\git.exe" log -n1 --pretty=format:%H%x20%s 23b7be3087be640c344d60e0ca803b912cf3a757 --
[15:18:26] :			 [Update checkout directory (C:\TeamCity\buildAgent\work\dc680b5ed78c7e4e)] "C:\Program Files\Git\bin\git.exe" branch
[15:18:26] :			 [Update checkout directory (C:\TeamCity\buildAgent\work\dc680b5ed78c7e4e)] "C:\Program Files\Git\bin\git.exe" update-ref refs/heads/test 23b7be3087be640c344d60e0ca803b912cf3a757
[15:18:26] :			 [Update checkout directory (C:\TeamCity\buildAgent\work\dc680b5ed78c7e4e)] "C:\Program Files\Git\bin\git.exe" -c core.askpass=C:\TeamCity\buildAgent\temp\buildTmp\pass7507491473262531431.bat -c credential.helper= -c credential.helper=C:/TeamCity/buildAgent/temp/buildTmp/credHelper2712072267189696534.bat checkout -q -f test
[15:18:26] :			 [Update checkout directory (C:\TeamCity\buildAgent\work\dc680b5ed78c7e4e)] "C:\Program Files\Git\bin\git.exe" branch --set-upstream-to=refs/remotes/origin/test
[15:18:26] :			 [Update checkout directory (C:\TeamCity\buildAgent\work\dc680b5ed78c7e4e)] Cleaning https://github.com/alexscheitlin/demo-bank-account#refs/heads/master in C:\TeamCity\buildAgent\work\dc680b5ed78c7e4e the file set ALL_UNTRACKED
[15:18:26] :			 [Update checkout directory (C:\TeamCity\buildAgent\work\dc680b5ed78c7e4e)] "C:\Program Files\Git\bin\git.exe" clean -f -d -x
[15:18:26] : Build preparation done
[15:18:26]E: Step 1/1: Maven (4s)
[15:18:26] :	 [Step 1/1] Initial M2_HOME not set
[15:18:26] :	 [Step 1/1] Current M2_HOME = C:\TeamCity\buildAgent\tools\maven3
[15:18:26] :	 [Step 1/1] PATH = C:\TeamCity\buildAgent\tools\maven3\bin;C:\ProgramData\Anaconda3;C:\ProgramData\Anaconda3\Library\mingw-w64\bin;C:\ProgramData\Anaconda3\Library\usr\bin;C:\ProgramData\Anaconda3\Library\bin;C:\ProgramData\Anaconda3\Scripts;C:\Ruby22-x64\bin;C:\ProgramData\Oracle\Java\javapath;C:\WINDOWS\system32;C:\WINDOWS;C:\WINDOWS\System32\Wbem;C:\WINDOWS\System32\WindowsPowerShell\v1.0\;C:\Program Files\Java\jdk1.8.0_101\bin;C:\Program Files\Java\jre1.8.0_101\bin;C:\Program Files\nodejs\;C:\Program Files (x86)\Skype\Phone\;C:\wamp64\bin\php\php5.6.25;C:\Program Files\Intel\WiFi\bin\;C:\Program Files\Common Files\Intel\WirelessCommon\;C:\Program Files (x86)\Yarn\bin\;C:\Program Files\Git\cmd;C:\Program Files (x86)\MySQL\MySQL Utilities 1.6\;C:\Program Files\MiKTeX 2.9\miktex\bin\x64\;C:\WINDOWS\System32\OpenSSH\;C:\WINDOWS\system32\config\systemprofile\AppData\Local\Microsoft\WindowsApps
[15:18:26] :	 [Step 1/1] Using watcher: C:\TeamCity\buildAgent\plugins\mavenPlugin\maven-watcher\maven-watcher-agent.jar
[15:18:26] :	 [Step 1/1] Initial MAVEN_OPTS not set
[15:18:26] :	 [Step 1/1] Current MAVEN_OPTS not set
[15:18:26] :	 [Step 1/1] Starting: "C:\Program Files\Java\jdk1.8.0_101\bin\java.exe" -Dagent.home.dir=C:\TeamCity\buildAgent -Dagent.name=W541 -Dagent.ownPort=9090 -Dagent.work.dir=C:\TeamCity\buildAgent\work -Dbuild.number=3 -Dbuild.vcs.number=23b7be3087be640c344d60e0ca803b912cf3a757 -Dbuild.vcs.number.1=23b7be3087be640c344d60e0ca803b912cf3a757 -Dbuild.vcs.number.DemoBankAccount_HttpsGithubComAlexscheitlinDemoBankAccountRefsHeadsMaster=23b7be3087be640c344d60e0ca803b912cf3a757 -Dclassworlds.conf=C:\TeamCity\buildAgent\temp\buildTmp\teamcity.m2.conf -Dcom.jetbrains.maven.watcher.report.file=C:\TeamCity\buildAgent\temp\buildTmp\maven-build-info.xml -Djava.io.tmpdir=C:\TeamCity\buildAgent\temp\buildTmp -Dmaven.home=C:\TeamCity\buildAgent\tools\maven3 -Dmaven.multiModuleProjectDirectory=C:\TeamCity\buildAgent\work\dc680b5ed78c7e4e -Dmaven.repo.local=C:/WINDOWS/system32/config/systemprofile/.m2/repository -Dteamcity.agent.cpuBenchmark=683 -Dteamcity.agent.dotnet.agent_url=http://localhost:9090/RPC2 -Dteamcity.agent.dotnet.build_id=3 -Dteamcity.auth.password=******* -Dteamcity.auth.userId=TeamCityBuildId=3 -Dteamcity.build.changedFiles.file=C:\TeamCity\buildAgent\temp\buildTmp\changedFiles7919144982298066377.txt -Dteamcity.build.checkoutDir=C:\TeamCity\buildAgent\work\dc680b5ed78c7e4e -Dteamcity.build.id=3 -Dteamcity.build.properties.file=C:\TeamCity\buildAgent\temp\buildTmp\teamcity.build5847309116547943621.properties -Dteamcity.build.tempDir=C:\TeamCity\buildAgent\temp\buildTmp -Dteamcity.build.workingDir=C:\TeamCity\buildAgent\work\dc680b5ed78c7e4e "-Dteamcity.buildConfName=Maven Clean Test" -Dteamcity.buildType.id=DemoBankAccount_MavenCleanBuild -Dteamcity.configuration.properties.file=C:\TeamCity\buildAgent\temp\buildTmp\teamcity.config3622570748621784603.properties -Dteamcity.dotnet.nunitaddin=C:\TeamCity\buildAgent\plugins\dotnetPlugin\bin\JetBrains.TeamCity.NUnitAddin-NUnit -Dteamcity.dotnet.nunitlauncher=C:\TeamCity\buildAgent\plugins\dotnetPlugin\bin\JetBrains.BuildServer.NUnitLauncher.exe -Dteamcity.dotnet.nunitlauncher.msbuild.task=C:\TeamCity\buildAgent\plugins\dotnetPlugin\bin\JetBrains.BuildServer.MSBuildLoggers.dll -Dteamcity.dotnet.nunitlauncher1.1=C:\TeamCity\buildAgent\plugins\dotnetPlugin\bin\JetBrains.BuildServer.NUnitLauncher1.1.exe -Dteamcity.dotnet.nunitlauncher2.0=C:\TeamCity\buildAgent\plugins\dotnetPlugin\bin\JetBrains.BuildServer.NUnitLauncher2.0.exe -Dteamcity.dotnet.nunitlauncher2.0.vsts=C:\TeamCity\buildAgent\plugins\dotnetPlugin\bin\JetBrains.BuildServer.NUnitLauncher2.0.VSTS.exe -Dteamcity.dotnet.platform=C:\TeamCity\buildAgent\plugins\dotnetPlugin\bin\JetBrains.TeamCity.PlatformProcessRunner.1.1.exe -Dteamcity.maven.watcher.home=C:\TeamCity\buildAgent\plugins\mavenPlugin\maven-watcher "-Dteamcity.projectName=Demo Bank Account" -Dteamcity.runner.properties.file=C:\TeamCity\buildAgent\temp\buildTmp\teamcity.runner7936355451329420687.properties -Dteamcity.tests.recentlyFailedTests.file=C:\TeamCity\buildAgent\temp\buildTmp\testsToRunFirst6911866189219728275.txt "-Dteamcity.version=2017.2.4 (build 51228)" -classpath C:\TeamCity\buildAgent\tools\maven3\boot\plexus-classworlds-2.4.jar; org.codehaus.plexus.classworlds.launcher.Launcher -f C:\TeamCity\buildAgent\work\dc680b5ed78c7e4e\pom.xml -B clean test
[15:18:26] :	 [Step 1/1] in directory: C:\TeamCity\buildAgent\work\dc680b5ed78c7e4e
[15:18:28] :	 [Step 1/1] [INFO] Scanning for projects...
[15:18:28] :	 [Step 1/1] [INFO]                                                                         
[15:18:28] :	 [Step 1/1] [INFO] ------------------------------------------------------------------------
[15:18:28] :	 [Step 1/1] [INFO] Building bank_maven 1.0-SNAPSHOT
[15:18:28] :	 [Step 1/1] [INFO] ------------------------------------------------------------------------
[15:18:28] :	 [Step 1/1] [Maven Watcher] project started: bank_maven:bank_maven:jar:1.0-SNAPSHOT
[15:18:28] :	 [Step 1/1] bank_maven:bank_maven (2s)
[15:18:28]i:		 [bank_maven:bank_maven] ##teamcity[importData tc:tags='tc:internal' type='surefire' path='C:/TeamCity/buildAgent/work/dc680b5ed78c7e4e/target/surefire-reports/TEST-*.xml' whenNoDataPublished='nothing' logAsInternal='true']
[15:18:28] :	 [Step 1/1] Importing data from 'C:/TeamCity/buildAgent/work/dc680b5ed78c7e4e/target/surefire-reports/TEST-*.xml' (not existing file) with 'surefire' processor
[15:18:28]i:		 [bank_maven:bank_maven] ##teamcity[importData tc:tags='tc:internal' type='surefire' path='C:/TeamCity/buildAgent/work/dc680b5ed78c7e4e/target/failsafe-reports/TEST-*.xml' whenNoDataPublished='nothing' logAsInternal='true']
[15:18:28] :	 [Step 1/1] Importing data from 'C:/TeamCity/buildAgent/work/dc680b5ed78c7e4e/target/failsafe-reports/TEST-*.xml' (not existing file) with 'surefire' processor
[15:18:28] :	 [Step 1/1] [Maven Watcher] 
[15:18:28]i:	 [Step 1/1] ##teamcity[projectStarted tc:tags='tc:internal' projectId='bank_maven:bank_maven:jar:1.0-SNAPSHOT' groupId='bank_maven' artifactId='bank_maven' testReportsDir0='C:/TeamCity/buildAgent/work/dc680b5ed78c7e4e/target/surefire-reports' testReportsDir1='C:/TeamCity/buildAgent/work/dc680b5ed78c7e4e/target/failsafe-reports']
[15:18:28] :	 [Step 1/1] Surefire report watcher
[15:18:28] :		 [Surefire report watcher] Watching paths:
[15:18:28] :		 [Surefire report watcher] C:\TeamCity\buildAgent\work\dc680b5ed78c7e4e\target\surefire-reports\TEST-*.xml
[15:18:28] :	 [Step 1/1] [INFO] 
[15:18:28] :	 [Step 1/1] [INFO] --- maven-clean-plugin:2.4.1:clean (default-clean) @ bank_maven ---
[15:18:28] :	 [Step 1/1] [INFO] 
[15:18:28] :	 [Step 1/1] [INFO] --- maven-resources-plugin:2.5:resources (default-resources) @ bank_maven ---
[15:18:28] :	 [Step 1/1] [debug] execute contextualize
[15:18:28]W:	 [Step 1/1] [WARNING] Using platform encoding (Cp1252 actually) to copy filtered resources, i.e. build is platform dependent!
[15:18:28] :	 [Step 1/1] [INFO] skip non existing resourceDirectory C:\TeamCity\buildAgent\work\dc680b5ed78c7e4e\src\main\resources
[15:18:28] :	 [Step 1/1] [INFO] 
[15:18:28] :	 [Step 1/1] [INFO] --- maven-compiler-plugin:2.3.2:compile (default-compile) @ bank_maven ---
[15:18:28] :	 [Step 1/1] Surefire report watcher
[15:18:28] :		 [Surefire report watcher] Watching paths:
[15:18:28] :		 [Surefire report watcher] C:\TeamCity\buildAgent\work\dc680b5ed78c7e4e\target\failsafe-reports\TEST-*.xml
[15:18:28]W:	 [Step 1/1] [WARNING] File encoding has not been set, using platform encoding Cp1252, i.e. build is platform dependent!
[15:18:28] :	 [Step 1/1] [INFO] Compiling 4 source files to C:\TeamCity\buildAgent\work\dc680b5ed78c7e4e\target\classes
[15:18:29] :	 [Step 1/1] [INFO] 
[15:18:29] :	 [Step 1/1] [INFO] --- maven-resources-plugin:2.5:testResources (default-testResources) @ bank_maven ---
[15:18:29] :	 [Step 1/1] [debug] execute contextualize
[15:18:29]W:	 [Step 1/1] [WARNING] Using platform encoding (Cp1252 actually) to copy filtered resources, i.e. build is platform dependent!
[15:18:29] :	 [Step 1/1] [INFO] skip non existing resourceDirectory C:\TeamCity\buildAgent\work\dc680b5ed78c7e4e\src\test\resources
[15:18:29] :	 [Step 1/1] [INFO] 
[15:18:29] :	 [Step 1/1] [INFO] --- maven-compiler-plugin:2.3.2:testCompile (default-testCompile) @ bank_maven ---
[15:18:29]W:	 [Step 1/1] [WARNING] File encoding has not been set, using platform encoding Cp1252, i.e. build is platform dependent!
[15:18:29] :	 [Step 1/1] [INFO] Compiling 3 source files to C:\TeamCity\buildAgent\work\dc680b5ed78c7e4e\target\test-classes
[15:18:29] :	 [Step 1/1] [INFO] 
[15:18:29] :	 [Step 1/1] [INFO] --- maven-surefire-plugin:2.10:test (default-test) @ bank_maven ---
[15:18:29] :	 [Step 1/1] [INFO] Surefire report directory: C:\TeamCity\buildAgent\work\dc680b5ed78c7e4e\target\surefire-reports
[15:18:30] :	 [Step 1/1] 
[15:18:30] :	 [Step 1/1] -------------------------------------------------------
[15:18:30] :	 [Step 1/1]  T E S T S
[15:18:30] :	 [Step 1/1] -------------------------------------------------------
[15:18:30] :	 [Step 1/1] Running com.example.bank.BankAccountTest
[15:18:30] :	 [Step 1/1] Tests run: 9, Failures: 2, Errors: 1, Skipped: 0, Time elapsed: 0.091 sec <<< FAILURE!
[15:18:30] :	 [Step 1/1] Running com.example.bank.TableTest
[15:18:30] :	 [Step 1/1] Tests run: 1, Failures: 1, Errors: 0, Skipped: 0, Time elapsed: 0.003 sec <<< FAILURE!
[15:18:30] :	 [Step 1/1] Running com.example.bank.TransactionTest
[15:18:30] :	 [Step 1/1] Tests run: 3, Failures: 0, Errors: 0, Skipped: 0, Time elapsed: 0.002 sec
[15:18:30] :	 [Step 1/1] 
[15:18:30] :	 [Step 1/1] Results :
[15:18:30] :	 [Step 1/1] 
[15:18:30] :	 [Step 1/1] Failed tests:   getNumber(com.example.bank.BankAccountTest)
[15:18:30] :	 [Step 1/1]   getBalance(com.example.bank.BankAccountTest): expected:<1000000.0> but was:<1000001.0>
[15:18:30] :	 [Step 1/1]   dataToTable(com.example.bank.TableTest)
[15:18:30] :	 [Step 1/1] 
[15:18:30] :	 [Step 1/1] Tests in error: 
[15:18:30] :	 [Step 1/1]   getOwner(com.example.bank.BankAccountTest): Deposit amount less than zero
[15:18:30] :	 [Step 1/1] 
[15:18:30] :	 [Step 1/1] Tests run: 13, Failures: 3, Errors: 1, Skipped: 0
[15:18:30] :	 [Step 1/1] 
[15:18:30] :	 [Step 1/1] [Maven Watcher] 
[15:18:30]E:	 [Step 1/1] Failed to execute goal org.apache.maven.plugins:maven-surefire-plugin:2.10:test (default-test) on project bank_maven: There are test failures.

Please refer to C:\TeamCity\buildAgent\work\dc680b5ed78c7e4e\target\surefire-reports for the individual test results.
[15:18:30] :	 [Step 1/1] [Maven Watcher] 
[15:18:30]i:	 [Step 1/1] ##teamcity[projectFinished tc:tags='tc:internal' projectId='bank_maven:bank_maven:jar:1.0-SNAPSHOT']
[15:18:30] :	 [Step 1/1] [INFO] ------------------------------------------------------------------------
[15:18:30] :	 [Step 1/1] [INFO] BUILD FAILURE
[15:18:30] :	 [Step 1/1] [INFO] ------------------------------------------------------------------------
[15:18:30] :	 [Step 1/1] [INFO] Total time: 2.449s
[15:18:30] :	 [Step 1/1] [INFO] Finished at: Mon Jun 04 15:18:30 CEST 2018
[15:18:30] :	 [Step 1/1] [INFO] Final Memory: 18M/208M
[15:18:30] :	 [Step 1/1] [INFO] ------------------------------------------------------------------------
[15:18:30] :	 [Step 1/1] [Maven Watcher] building report document...
[15:18:30] :	 [Step 1/1] [Maven Watcher] building report document done
[15:18:30] :	 [Step 1/1] [Maven Watcher] writing report to C:\TeamCity\buildAgent\temp\buildTmp\maven-build-info.xml
[15:18:30] :	 [Step 1/1] [Maven Watcher] done writing report
[15:18:30]W:	 [Step 1/1] [ERROR] Failed to execute goal org.apache.maven.plugins:maven-surefire-plugin:2.10:test (default-test) on project bank_maven: There are test failures.
[15:18:30]W:	 [Step 1/1] [ERROR] 
[15:18:30]W:	 [Step 1/1] [ERROR] Please refer to C:\TeamCity\buildAgent\work\dc680b5ed78c7e4e\target\surefire-reports for the individual test results.
[15:18:30]W:	 [Step 1/1] [ERROR] -> [Help 1]
[15:18:30]W:	 [Step 1/1] [ERROR] 
[15:18:30]W:	 [Step 1/1] [ERROR] To see the full stack trace of the errors, re-run Maven with the -e switch.
[15:18:30]W:	 [Step 1/1] [ERROR] Re-run Maven using the -X switch to enable full debug logging.
[15:18:30]W:	 [Step 1/1] [ERROR] 
[15:18:30]W:	 [Step 1/1] [ERROR] For more information about the errors and possible solutions, please read the following articles:
[15:18:30]W:	 [Step 1/1] [ERROR] [Help 1] http://cwiki.apache.org/confluence/display/MAVEN/MojoFailureException
[15:18:30]F:	 [Step 1/1] com.example.bank.BankAccountTest
[15:18:30]W:	 [Step 1/1] Process exited with code 1
[15:18:30]i:		 [com.example.bank.BankAccountTest] makeDeposit_WithValidAmount_UpdateBalance
[15:18:30]i:		 [com.example.bank.BankAccountTest] makeWithdrawal_WithValidAmount_UpdateBalance
[15:18:30]i:		 [com.example.bank.BankAccountTest] makeWithdrawal_WithInvalidAmount_SmallerThanZero
[15:18:30]i:		 [com.example.bank.BankAccountTest] makeDeposit_WithInvalidAmount_SmallerThanZero
[15:18:30]F:		 [com.example.bank.BankAccountTest] getNumber
[15:18:30]F:			 [getNumber] java.lang.AssertionError
[15:18:30]F:			 [getNumber] java.lang.AssertionError
	at org.junit.Assert.fail(Assert.java:86)
	at org.junit.Assert.assertTrue(Assert.java:41)
	at org.junit.Assert.assertTrue(Assert.java:52)
	at com.example.bank.BankAccountTest.getNumber(BankAccountTest.java:21)
	at sun.reflect.NativeMethodAccessorImpl.invoke0(Native Method)
	at sun.reflect.NativeMethodAccessorImpl.invoke(NativeMethodAccessorImpl.java:62)
	at sun.reflect.DelegatingMethodAccessorImpl.invoke(DelegatingMethodAccessorImpl.java:43)
	at java.lang.reflect.Method.invoke(Method.java:498)
	at org.junit.runners.model.FrameworkMethod$1.runReflectiveCall(FrameworkMethod.java:50)
	at org.junit.internal.runners.model.ReflectiveCallable.run(ReflectiveCallable.java:12)
	at org.junit.runners.model.FrameworkMethod.invokeExplosively(FrameworkMethod.java:47)
	at org.junit.internal.runners.statements.InvokeMethod.evaluate(InvokeMethod.java:17)
	at org.junit.runners.ParentRunner.runLeaf(ParentRunner.java:325)
	at org.junit.runners.BlockJUnit4ClassRunner.runChild(BlockJUnit4ClassRunner.java:78)
	at org.junit.runners.BlockJUnit4ClassRunner.runChild(BlockJUnit4ClassRunner.java:57)
	at org.junit.runners.ParentRunner$3.run(ParentRunner.java:290)
	at org.junit.runners.ParentRunner$1.schedule(ParentRunner.java:71)
	at org.junit.runners.ParentRunner.runChildren(ParentRunner.java:288)
	at org.junit.runners.ParentRunner.access$000(ParentRunner.java:58)
	at org.junit.runners.ParentRunner$2.evaluate(ParentRunner.java:268)
	at org.junit.runners.ParentRunner.run(ParentRunner.java:363)
	at org.apache.maven.surefire.junit4.JUnit4TestSet.execute(JUnit4TestSet.java:53)
	at org.apache.maven.surefire.junit4.JUnit4Provider.executeTestSet(JUnit4Provider.java:123)
	at org.apache.maven.surefire.junit4.JUnit4Provider.invoke(JUnit4Provider.java:104)
	at sun.reflect.NativeMethodAccessorImpl.invoke0(Native Method)
	at sun.reflect.NativeMethodAccessorImpl.invoke(NativeMethodAccessorImpl.java:62)
	at sun.reflect.DelegatingMethodAccessorImpl.invoke(DelegatingMethodAccessorImpl.java:43)
	at java.lang.reflect.Method.invoke(Method.java:498)
	at org.apache.maven.surefire.util.ReflectionUtils.invokeMethodWithArray(ReflectionUtils.java:164)
	at org.apache.maven.surefire.booter.ProviderFactory$ProviderProxy.invoke(ProviderFactory.java:110)
	at org.apache.maven.surefire.booter.SurefireStarter.invokeProvider(SurefireStarter.java:175)
	at org.apache.maven.surefire.booter.SurefireStarter.runSuitesInProcessWhenForked(SurefireStarter.java:107)
	at org.apache.maven.surefire.booter.ForkedBooter.main(ForkedBooter.java:68)
[15:18:30]E:	 [Step 1/1] Failed tests detected
[15:18:30]F:		 [com.example.bank.BankAccountTest] getBalance
[15:18:30]F:			 [getBalance] java.lang.AssertionError: expected:<1000000.0> but was:<1000001.0>
[15:18:30]F:			 [getBalance] java.lang.AssertionError: expected:<1000000.0> but was:<1000001.0>
	at org.junit.Assert.fail(Assert.java:88)
	at org.junit.Assert.failNotEquals(Assert.java:834)
	at org.junit.Assert.assertEquals(Assert.java:553)
	at org.junit.Assert.assertEquals(Assert.java:683)
	at com.example.bank.BankAccountTest.getBalance(BankAccountTest.java:49)
	at sun.reflect.NativeMethodAccessorImpl.invoke0(Native Method)
	at sun.reflect.NativeMethodAccessorImpl.invoke(NativeMethodAccessorImpl.java:62)
	at sun.reflect.DelegatingMethodAccessorImpl.invoke(DelegatingMethodAccessorImpl.java:43)
	at java.lang.reflect.Method.invoke(Method.java:498)
	at org.junit.runners.model.FrameworkMethod$1.runReflectiveCall(FrameworkMethod.java:50)
	at org.junit.internal.runners.model.ReflectiveCallable.run(ReflectiveCallable.java:12)
	at org.junit.runners.model.FrameworkMethod.invokeExplosively(FrameworkMethod.java:47)
	at org.junit.internal.runners.statements.InvokeMethod.evaluate(InvokeMethod.java:17)
	at org.junit.runners.ParentRunner.runLeaf(ParentRunner.java:325)
	at org.junit.runners.BlockJUnit4ClassRunner.runChild(BlockJUnit4ClassRunner.java:78)
	at org.junit.runners.BlockJUnit4ClassRunner.runChild(BlockJUnit4ClassRunner.java:57)
	at org.junit.runners.ParentRunner$3.run(ParentRunner.java:290)
	at org.junit.runners.ParentRunner$1.schedule(ParentRunner.java:71)
	at org.junit.runners.ParentRunner.runChildren(ParentRunner.java:288)
	at org.junit.runners.ParentRunner.access$000(ParentRunner.java:58)
	at org.junit.runners.ParentRunner$2.evaluate(ParentRunner.java:268)
	at org.junit.runners.ParentRunner.run(ParentRunner.java:363)
	at org.apache.maven.surefire.junit4.JUnit4TestSet.execute(JUnit4TestSet.java:53)
	at org.apache.maven.surefire.junit4.JUnit4Provider.executeTestSet(JUnit4Provider.java:123)
	at org.apache.maven.surefire.junit4.JUnit4Provider.invoke(JUnit4Provider.java:104)
	at sun.reflect.NativeMethodAccessorImpl.invoke0(Native Method)
	at sun.reflect.NativeMethodAccessorImpl.invoke(NativeMethodAccessorImpl.java:62)
	at sun.reflect.DelegatingMethodAccessorImpl.invoke(DelegatingMethodAccessorImpl.java:43)
	at java.lang.reflect.Method.invoke(Method.java:498)
	at org.apache.maven.surefire.util.ReflectionUtils.invokeMethodWithArray(ReflectionUtils.java:164)
	at org.apache.maven.surefire.booter.ProviderFactory$ProviderProxy.invoke(ProviderFactory.java:110)
	at org.apache.maven.surefire.booter.SurefireStarter.invokeProvider(SurefireStarter.java:175)
	at org.apache.maven.surefire.booter.SurefireStarter.runSuitesInProcessWhenForked(SurefireStarter.java:107)
	at org.apache.maven.surefire.booter.ForkedBooter.main(ForkedBooter.java:68)
[15:18:30]i:		 [com.example.bank.BankAccountTest] makeWithdrawal_WithInvalidAmount_LargerThanBalance
[15:18:30]i:		 [com.example.bank.BankAccountTest] getAccountHistory
[15:18:30]F:		 [com.example.bank.BankAccountTest] getOwner
[15:18:30]F:			 [getOwner] java.lang.IllegalArgumentException: Deposit amount less than zero
[15:18:30]F:			 [getOwner] java.lang.IllegalArgumentException: Deposit amount less than zero
	at com.example.bank.BankAccount.makeDeposit(BankAccount.java:127)
	at com.example.bank.BankAccount.<init>(BankAccount.java:56)
	at com.example.bank.BankAccountTest.getOwner(BankAccountTest.java:29)
	at sun.reflect.NativeMethodAccessorImpl.invoke0(Native Method)
	at sun.reflect.NativeMethodAccessorImpl.invoke(NativeMethodAccessorImpl.java:62)
	at sun.reflect.DelegatingMethodAccessorImpl.invoke(DelegatingMethodAccessorImpl.java:43)
	at java.lang.reflect.Method.invoke(Method.java:498)
	at org.junit.runners.model.FrameworkMethod$1.runReflectiveCall(FrameworkMethod.java:50)
	at org.junit.internal.runners.model.ReflectiveCallable.run(ReflectiveCallable.java:12)
	at org.junit.runners.model.FrameworkMethod.invokeExplosively(FrameworkMethod.java:47)
	at org.junit.internal.runners.statements.InvokeMethod.evaluate(InvokeMethod.java:17)
	at org.junit.runners.ParentRunner.runLeaf(ParentRunner.java:325)
	at org.junit.runners.BlockJUnit4ClassRunner.runChild(BlockJUnit4ClassRunner.java:78)
	at org.junit.runners.BlockJUnit4ClassRunner.runChild(BlockJUnit4ClassRunner.java:57)
	at org.junit.runners.ParentRunner$3.run(ParentRunner.java:290)
	at org.junit.runners.ParentRunner$1.schedule(ParentRunner.java:71)
	at org.junit.runners.ParentRunner.runChildren(ParentRunner.java:288)
	at org.junit.runners.ParentRunner.access$000(ParentRunner.java:58)
	at org.junit.runners.ParentRunner$2.evaluate(ParentRunner.java:268)
	at org.junit.runners.ParentRunner.run(ParentRunner.java:363)
	at org.apache.maven.surefire.junit4.JUnit4TestSet.execute(JUnit4TestSet.java:53)
	at org.apache.maven.surefire.junit4.JUnit4Provider.executeTestSet(JUnit4Provider.java:123)
	at org.apache.maven.surefire.junit4.JUnit4Provider.invoke(JUnit4Provider.java:104)
	at sun.reflect.NativeMethodAccessorImpl.invoke0(Native Method)
	at sun.reflect.NativeMethodAccessorImpl.invoke(NativeMethodAccessorImpl.java:62)
	at sun.reflect.DelegatingMethodAccessorImpl.invoke(DelegatingMethodAccessorImpl.java:43)
	at java.lang.reflect.Method.invoke(Method.java:498)
	at org.apache.maven.surefire.util.ReflectionUtils.invokeMethodWithArray(ReflectionUtils.java:164)
	at org.apache.maven.surefire.booter.ProviderFactory$ProviderProxy.invoke(ProviderFactory.java:110)
	at org.apache.maven.surefire.booter.SurefireStarter.invokeProvider(SurefireStarter.java:175)
	at org.apache.maven.surefire.booter.SurefireStarter.runSuitesInProcessWhenForked(SurefireStarter.java:107)
	at org.apache.maven.surefire.booter.ForkedBooter.main(ForkedBooter.java:68)
[15:18:30]F:	 [Step 1/1] com.example.bank.TableTest
[15:18:30]F:		 [com.example.bank.TableTest] dataToTable
[15:18:30]F:			 [dataToTable] java.lang.AssertionError
[15:18:30]F:			 [dataToTable] java.lang.AssertionError
	at org.junit.Assert.fail(Assert.java:86)
	at org.junit.Assert.assertTrue(Assert.java:41)
	at org.junit.Assert.assertTrue(Assert.java:52)
	at com.example.bank.TableTest.dataToTable(TableTest.java:26)
	at sun.reflect.NativeMethodAccessorImpl.invoke0(Native Method)
	at sun.reflect.NativeMethodAccessorImpl.invoke(NativeMethodAccessorImpl.java:62)
	at sun.reflect.DelegatingMethodAccessorImpl.invoke(DelegatingMethodAccessorImpl.java:43)
	at java.lang.reflect.Method.invoke(Method.java:498)
	at org.junit.runners.model.FrameworkMethod$1.runReflectiveCall(FrameworkMethod.java:50)
	at org.junit.internal.runners.model.ReflectiveCallable.run(ReflectiveCallable.java:12)
	at org.junit.runners.model.FrameworkMethod.invokeExplosively(FrameworkMethod.java:47)
	at org.junit.internal.runners.statements.InvokeMethod.evaluate(InvokeMethod.java:17)
	at org.junit.runners.ParentRunner.runLeaf(ParentRunner.java:325)
	at org.junit.runners.BlockJUnit4ClassRunner.runChild(BlockJUnit4ClassRunner.java:78)
	at org.junit.runners.BlockJUnit4ClassRunner.runChild(BlockJUnit4ClassRunner.java:57)
	at org.junit.runners.ParentRunner$3.run(ParentRunner.java:290)
	at org.junit.runners.ParentRunner$1.schedule(ParentRunner.java:71)
	at org.junit.runners.ParentRunner.runChildren(ParentRunner.java:288)
	at org.junit.runners.ParentRunner.access$000(ParentRunner.java:58)
	at org.junit.runners.ParentRunner$2.evaluate(ParentRunner.java:268)
	at org.junit.runners.ParentRunner.run(ParentRunner.java:363)
	at org.apache.maven.surefire.junit4.JUnit4TestSet.execute(JUnit4TestSet.java:53)
	at org.apache.maven.surefire.junit4.JUnit4Provider.executeTestSet(JUnit4Provider.java:123)
	at org.apache.maven.surefire.junit4.JUnit4Provider.invoke(JUnit4Provider.java:104)
	at sun.reflect.NativeMethodAccessorImpl.invoke0(Native Method)
	at sun.reflect.NativeMethodAccessorImpl.invoke(NativeMethodAccessorImpl.java:62)
	at sun.reflect.DelegatingMethodAccessorImpl.invoke(DelegatingMethodAccessorImpl.java:43)
	at java.lang.reflect.Method.invoke(Method.java:498)
	at org.apache.maven.surefire.util.ReflectionUtils.invokeMethodWithArray(ReflectionUtils.java:164)
	at org.apache.maven.surefire.booter.ProviderFactory$ProviderProxy.invoke(ProviderFactory.java:110)
	at org.apache.maven.surefire.booter.SurefireStarter.invokeProvider(SurefireStarter.java:175)
	at org.apache.maven.surefire.booter.SurefireStarter.runSuitesInProcessWhenForked(SurefireStarter.java:107)
	at org.apache.maven.surefire.booter.ForkedBooter.main(ForkedBooter.java:68)
[15:18:30]i:	 [Step 1/1] com.example.bank.TransactionTest
[15:18:30]i:		 [com.example.bank.TransactionTest] getDate
[15:18:30]i:		 [com.example.bank.TransactionTest] getAmount
[15:18:30]i:		 [com.example.bank.TransactionTest] getNotes
[15:18:30] :	 [Step 1/1] Publishing artifacts
[15:18:30] :		 [Publishing artifacts] Collecting files to publish: [C:\TeamCity\buildAgent\temp\buildTmp\.tc-maven-bi\maven-build-info.xml.gz => .teamcity]
[15:18:30] :		 [Publishing artifacts] Publishing 1 file using [WebPublisher]: C:/TeamCity/buildAgent/temp/buildTmp/.tc-maven-bi/maven-build-info.xml.gz => .teamcity
[15:18:30] :		 [Publishing artifacts] Publishing 1 file using [ArtifactsCachePublisher]: C:/TeamCity/buildAgent/temp/buildTmp/.tc-maven-bi/maven-build-info.xml.gz => .teamcity
[15:18:30]E:	 [Step 1/1] Process exited with code 1
[15:18:30] :	 [Step 1/1] Waiting for 2 service processes to complete
[15:18:31] :	 [Step 1/1] Surefire report watcher
[15:18:31] :		 [Surefire report watcher] 3 reports found for paths:
[15:18:31] :		 [Surefire report watcher] C:\TeamCity\buildAgent\work\dc680b5ed78c7e4e\target\surefire-reports\TEST-*.xml
[15:18:31] :		 [Surefire report watcher] Successfully parsed
[15:18:31] :			 [Successfully parsed] 3 reports
[15:18:31]E:	 [Step 1/1] Step Maven failed
[15:18:31] : Publishing internal artifacts
[15:18:31] :	 [Publishing internal artifacts] Publishing 1 file using [WebPublisher]
[15:18:31] :	 [Publishing internal artifacts] Publishing 1 file using [ArtifactsCachePublisher]
[15:18:31]E: 4 failed tests detected
[15:18:31] : Build finished
