Build 'Java Bank Maven :: IntelliJ Project Build' #8
Started 2018-05-14 17:40:07 on 'W541' by 'Git'
Finished 2018-05-14 17:40:24 with status FAILURE 'Tests failed: 4 (2 new), passed: 9'
VCS revisions: 'https://github.com/AlexScheitlin/demo-bank-account#refs/heads/master' (Git): 5d88047f4227f8b5c195c3d22c7b737186f02cc7 (branch 'refs/heads/master')
TeamCity URL http://localhost/viewLog.html?buildId=60&buildTypeId=JavaBankMaven_Build
TeamCity server version is 2017.2.3 (build 51047), server timezone: MESZ (UTC+02:00)

[17:40:03]E: bt9 (21s)
[17:40:03]i: TeamCity server version is 2017.2.3 (build 51047)
[17:40:03] : The build is removed from the queue to be prepared for the start
[17:40:03] : Collecting changes in 1 VCS root (4s)
[17:40:03] :	 [Collecting changes in 1 VCS root] VCS Root details
[17:40:03] :		 [VCS Root details] "https://github.com/AlexScheitlin/demo-bank-account#refs/heads/master" {instance id=30, parent internal id=9, parent id=JavaBankMaven_HttpsGithubComAlexScheitlinDemoBankAccountRefsHeadsMaster, description: "https://github.com/AlexScheitlin/demo-bank-account#refs/heads/master"}
[17:40:07]i:	 [Collecting changes in 1 VCS root] Detecting changes in VCS root 'https://github.com/AlexScheitlin/demo-bank-account#refs/heads/master' (used in 'Build & Test', 'IntelliJ Project Build')
[17:40:07]i:	 [Collecting changes in 1 VCS root] Will collect changes for 'https://github.com/AlexScheitlin/demo-bank-account#refs/heads/master' starting from revision 5d88047f4227f8b5c195c3d22c7b737186f02cc7
[17:40:07] :	 [Collecting changes in 1 VCS root] Compute revision for 'https://github.com/AlexScheitlin/demo-bank-account#refs/heads/master'
[17:40:07] :		 [Compute revision for 'https://github.com/AlexScheitlin/demo-bank-account#refs/heads/master'] Upper limit revision: 5d88047f4227f8b5c195c3d22c7b737186f02cc7
[17:40:07]i:		 [Compute revision for 'https://github.com/AlexScheitlin/demo-bank-account#refs/heads/master'] MaxModId = 21
[17:40:07] :		 [Compute revision for 'https://github.com/AlexScheitlin/demo-bank-account#refs/heads/master'] Latest commit attached to build configuration: 5d88047f4227f8b5c195c3d22c7b737186f02cc7
[17:40:07] :		 [Compute revision for 'https://github.com/AlexScheitlin/demo-bank-account#refs/heads/master'] Computed revision: 5d88047f4227f8b5c195c3d22c7b737186f02cc7
[17:40:07] : Starting the build on the agent W541
[17:40:07]i: Agent time zone: Europe/Berlin
[17:40:08]i: Agent is running under JRE: 1.8.0_161-b12
[17:40:08] : Clearing temporary directory: C:\TeamCity\buildAgent\temp\buildTmp
[17:40:08] : Publishing internal artifacts (2s)
[17:40:11] :	 [Publishing internal artifacts] Publishing 1 file using [WebPublisher]
[17:40:11] :	 [Publishing internal artifacts] Publishing 1 file using [ArtifactsCachePublisher]
[17:40:08] : Using vcs information from agent file: f8b235d5760cff4a.xml
[17:40:08] : Checkout directory: C:\TeamCity\buildAgent\work\f8b235d5760cff4a
[17:40:08] : Updating sources: auto checkout (on agent) (4s)
[17:40:08] :	 [Updating sources] Will use agent side checkout
[17:40:08] :	 [Updating sources] VCS Root: https://github.com/AlexScheitlin/demo-bank-account#refs/heads/master (4s)
[17:40:08] :		 [VCS Root: https://github.com/AlexScheitlin/demo-bank-account#refs/heads/master] revision: 5d88047f4227f8b5c195c3d22c7b737186f02cc7
[17:40:08] :		 [VCS Root: https://github.com/AlexScheitlin/demo-bank-account#refs/heads/master] Git version: 2.16.2.0
[17:40:08] :		 [VCS Root: https://github.com/AlexScheitlin/demo-bank-account#refs/heads/master] Update git mirror (C:\TeamCity\buildAgent\system\git\git-6C306C4D.git) (4s)
[17:40:08] :			 [Update git mirror (C:\TeamCity\buildAgent\system\git\git-6C306C4D.git)] "C:\Program Files\Git\bin\git.exe" show-ref
[17:40:08] :			 [Update git mirror (C:\TeamCity\buildAgent\system\git\git-6C306C4D.git)] "C:\Program Files\Git\bin\git.exe" -c core.askpass=C:\TeamCity\buildAgent\temp\buildTmp\pass4431633106003514694.bat -c credential.helper= ls-remote origin
[17:40:10] :			 [Update git mirror (C:\TeamCity\buildAgent\system\git\git-6C306C4D.git)] "C:\Program Files\Git\bin\git.exe" show-ref refs/remotes/origin/master
[17:40:10] :			 [Update git mirror (C:\TeamCity\buildAgent\system\git\git-6C306C4D.git)] "C:\Program Files\Git\bin\git.exe" show-ref refs/heads/master
[17:40:10] :			 [Update git mirror (C:\TeamCity\buildAgent\system\git\git-6C306C4D.git)] "C:\Program Files\Git\bin\git.exe" -c core.askpass=C:\TeamCity\buildAgent\temp\buildTmp\pass1884402843516406629.bat -c credential.helper= fetch --progress origin +refs/heads/master:refs/heads/master (2s)
[17:40:12]i:				 ["C:\Program Files\Git\bin\git.exe" -c core.askpass=C:\TeamCity\buildAgent\temp\buildTmp\pass1884402843516406629.bat -c credential.helper= fetch --progress origin +refs/heads/master:refs/heads/master] remote: Counting objects: 10, done.
[17:40:12]i:				 ["C:\Program Files\Git\bin\git.exe" -c core.askpass=C:\TeamCity\buildAgent\temp\buildTmp\pass1884402843516406629.bat -c credential.helper= fetch --progress origin +refs/heads/master:refs/heads/master] remote: Compressing objects:  33% (1/3)
[17:40:12]i:				 ["C:\Program Files\Git\bin\git.exe" -c core.askpass=C:\TeamCity\buildAgent\temp\buildTmp\pass1884402843516406629.bat -c credential.helper= fetch --progress origin +refs/heads/master:refs/heads/master] remote: Compressing objects:  66% (2/3)
[17:40:12]i:				 ["C:\Program Files\Git\bin\git.exe" -c core.askpass=C:\TeamCity\buildAgent\temp\buildTmp\pass1884402843516406629.bat -c credential.helper= fetch --progress origin +refs/heads/master:refs/heads/master] remote: Compressing objects: 100% (3/3)
[17:40:12]i:				 ["C:\Program Files\Git\bin\git.exe" -c core.askpass=C:\TeamCity\buildAgent\temp\buildTmp\pass1884402843516406629.bat -c credential.helper= fetch --progress origin +refs/heads/master:refs/heads/master] remote: Compressing objects: 100% (3/3), done.
[17:40:12]i:				 ["C:\Program Files\Git\bin\git.exe" -c core.askpass=C:\TeamCity\buildAgent\temp\buildTmp\pass1884402843516406629.bat -c credential.helper= fetch --progress origin +refs/heads/master:refs/heads/master] remote: Total 10 (delta 3), reused 10 (delta 3), pack-reused 0
[17:40:12]i:				 ["C:\Program Files\Git\bin\git.exe" -c core.askpass=C:\TeamCity\buildAgent\temp\buildTmp\pass1884402843516406629.bat -c credential.helper= fetch --progress origin +refs/heads/master:refs/heads/master] From https://github.com/AlexScheitlin/demo-bank-account
[17:40:12]i:				 ["C:\Program Files\Git\bin\git.exe" -c core.askpass=C:\TeamCity\buildAgent\temp\buildTmp\pass1884402843516406629.bat -c credential.helper= fetch --progress origin +refs/heads/master:refs/heads/master]    f615e7c..5d88047  master     -> master
[17:40:12]i:				 ["C:\Program Files\Git\bin\git.exe" -c core.askpass=C:\TeamCity\buildAgent\temp\buildTmp\pass1884402843516406629.bat -c credential.helper= fetch --progress origin +refs/heads/master:refs/heads/master]    f615e7c..5d88047  master     -> origin/master
[17:40:12] :			 [Update git mirror (C:\TeamCity\buildAgent\system\git\git-6C306C4D.git)] "C:\Program Files\Git\bin\git.exe" log -n1 --pretty=format:%H%x20%s 5d88047f4227f8b5c195c3d22c7b737186f02cc7 --
[17:40:12] :			 [Update git mirror (C:\TeamCity\buildAgent\system\git\git-6C306C4D.git)] "C:\Program Files\Git\bin\git.exe" pack-refs --all
[17:40:12] :		 [VCS Root: https://github.com/AlexScheitlin/demo-bank-account#refs/heads/master] Update checkout directory (C:\TeamCity\buildAgent\work\f8b235d5760cff4a)
[17:40:12] :			 [Update checkout directory (C:\TeamCity\buildAgent\work\f8b235d5760cff4a)] "C:\Program Files\Git\bin\git.exe" config lfs.storage C:\TeamCity\buildAgent\system\git\git-6C306C4D.git\lfs
[17:40:12] :			 [Update checkout directory (C:\TeamCity\buildAgent\work\f8b235d5760cff4a)] "C:\Program Files\Git\bin\git.exe" config core.sparseCheckout true
[17:40:12] :			 [Update checkout directory (C:\TeamCity\buildAgent\work\f8b235d5760cff4a)] "C:\Program Files\Git\bin\git.exe" show-ref
[17:40:13] :			 [Update checkout directory (C:\TeamCity\buildAgent\work\f8b235d5760cff4a)] "C:\Program Files\Git\bin\git.exe" show-ref refs/remotes/origin/master
[17:40:13] :			 [Update checkout directory (C:\TeamCity\buildAgent\work\f8b235d5760cff4a)] "C:\Program Files\Git\bin\git.exe" log -n1 --pretty=format:%H%x20%s 5d88047f4227f8b5c195c3d22c7b737186f02cc7 --
[17:40:13] :			 [Update checkout directory (C:\TeamCity\buildAgent\work\f8b235d5760cff4a)] "C:\Program Files\Git\bin\git.exe" branch
[17:40:13] :			 [Update checkout directory (C:\TeamCity\buildAgent\work\f8b235d5760cff4a)] "C:\Program Files\Git\bin\git.exe" -c core.askpass=C:\TeamCity\buildAgent\temp\buildTmp\pass546158687581149938.bat -c credential.helper= -c credential.helper=C:/TeamCity/buildAgent/temp/buildTmp/credHelper2013653192764346861.bat reset --hard 5d88047f4227f8b5c195c3d22c7b737186f02cc7
[17:40:13] :			 [Update checkout directory (C:\TeamCity\buildAgent\work\f8b235d5760cff4a)] "C:\Program Files\Git\bin\git.exe" branch --set-upstream-to=refs/remotes/origin/master
[17:40:13] : Build preparation done
[17:40:13]W: Step 1/2: IntelliJ Project (IntelliJ IDEA Project) (6s)
[17:40:14] :	 [Step 1/2] Starting: "C:\Program Files\Java\jdk1.8.0_101\bin\java.exe" -Dagent.home.dir=C:\TeamCity\buildAgent -Dagent.name=W541 -Dagent.ownPort=9090 -Dagent.work.dir=C:\TeamCity\buildAgent\work -Dant.home=C:\TeamCity\buildAgent\plugins\ant -Dbuild.number=8 -Dbuild.vcs.number=5d88047f4227f8b5c195c3d22c7b737186f02cc7 -Dbuild.vcs.number.1=5d88047f4227f8b5c195c3d22c7b737186f02cc7 -Dbuild.vcs.number.JavaBankMaven_HttpsGithubComAlexScheitlinDemoBankAccountRefsHeadsMaster=5d88047f4227f8b5c195c3d22c7b737186f02cc7 -Dgant.home=C:\TeamCity\buildAgent\tools\gant -Dgroovy.home=C:\TeamCity\buildAgent\tools\gant -Dgroovy.starter.conf=C:\TeamCity\buildAgent\tools\gant\conf\gant-starter.conf -Didea.home.path=C:\TeamCity\buildAgent\tools\idea -Djava.awt.headless=true -Djava.io.tmpdir=C:\TeamCity\buildAgent\temp\buildTmp -Djna.nosys=true -Djps.bundled.ant.path=C:\TeamCity\buildAgent\plugins\ant "-Djps.fallback.jdk.home=C:\Program Files\Java\jdk1.8.0_101" -Djps.fallback.jdk.version=8 -Dscript.name=C:\TeamCity\buildAgent\temp\buildTmp\jps.gant -Dteamcity.agent.cpuBenchmark=654 -Dteamcity.agent.dotnet.agent_url=http://localhost:9090/RPC2 -Dteamcity.agent.dotnet.build_id=60 -Dteamcity.auth.password=******* -Dteamcity.auth.userId=TeamCityBuildId=60 -Dteamcity.build.changedFiles.file=C:\TeamCity\buildAgent\temp\buildTmp\changedFiles2358137387412688313.txt -Dteamcity.build.checkoutDir=C:\TeamCity\buildAgent\work\f8b235d5760cff4a -Dteamcity.build.id=60 -Dteamcity.build.properties.file=C:\TeamCity\buildAgent\temp\buildTmp\teamcity.build4311264608398759601.properties -Dteamcity.build.tempDir=C:\TeamCity\buildAgent\temp\buildTmp -Dteamcity.build.workingDir=C:\TeamCity\buildAgent\work\f8b235d5760cff4a "-Dteamcity.buildConfName=IntelliJ Project Build" -Dteamcity.buildType.id=JavaBankMaven_Build -Dteamcity.configuration.properties.file=C:\TeamCity\buildAgent\temp\buildTmp\teamcity.config484026035128338347.properties -Dteamcity.dotnet.nunitaddin=C:\TeamCity\buildAgent\plugins\dotnetPlugin\bin\JetBrains.TeamCity.NUnitAddin-NUnit -Dteamcity.dotnet.nunitlauncher=C:\TeamCity\buildAgent\plugins\dotnetPlugin\bin\JetBrains.BuildServer.NUnitLauncher.exe -Dteamcity.dotnet.nunitlauncher.msbuild.task=C:\TeamCity\buildAgent\plugins\dotnetPlugin\bin\JetBrains.BuildServer.MSBuildLoggers.dll -Dteamcity.dotnet.nunitlauncher1.1=C:\TeamCity\buildAgent\plugins\dotnetPlugin\bin\JetBrains.BuildServer.NUnitLauncher1.1.exe -Dteamcity.dotnet.nunitlauncher2.0=C:\TeamCity\buildAgent\plugins\dotnetPlugin\bin\JetBrains.BuildServer.NUnitLauncher2.0.exe -Dteamcity.dotnet.nunitlauncher2.0.vsts=C:\TeamCity\buildAgent\plugins\dotnetPlugin\bin\JetBrains.BuildServer.NUnitLauncher2.0.VSTS.exe -Dteamcity.dotnet.platform=C:\TeamCity\buildAgent\plugins\dotnetPlugin\bin\JetBrains.TeamCity.PlatformProcessRunner.1.1.exe -Dteamcity.ipr.settings.file=C:\TeamCity\buildAgent\temp\buildTmp\idearunner1044997436583744356xml "-Dteamcity.projectName=Java Bank Maven" -Dteamcity.runner.properties.file=C:\TeamCity\buildAgent\temp\buildTmp\teamcity.runner3083528625688362560.properties -Dteamcity.runtime.props.file=C:\TeamCity\buildAgent\temp\agentTmp\ant585833776144343310runtime -Dteamcity.tests.recentlyFailedTests.file=C:\TeamCity\buildAgent\temp\buildTmp\testsToRunFirst2583320232437045404.txt "-Dteamcity.version=2017.2.3 (build 51047)" -Duse.memory.temp.cache=true -Xmx256m -classpath C:\TeamCity\buildAgent\tools\gant\bootstrap\javac-aware-groovy-starter.jar jetbrains.buildServer.agent.ideaRunner.ToolsAwareGroovyStarter C:\TeamCity\buildAgent\tools\gant\lib\groovy-all-2.4.11.jar org.codehaus.groovy.tools.GroovyStarter --main gant.Gant --conf C:\TeamCity\buildAgent\tools\gant\conf\gant-starter.conf --classpath . -f C:\TeamCity\buildAgent\temp\buildTmp\jps.gant -L C:\TeamCity\buildAgent\tools\jps\lib -P C:/TeamCity/buildAgent/plugins/antPlugin/ant-runtime.jar;C:/TeamCity/buildAgent/lib/runtime-util.jar;C:/TeamCity/buildAgent/lib/serviceMessages.jar;C:/TeamCity/buildAgent/plugins/idea-runner/idea-runner-common.jar;C:/TeamCity/buildAgent/plugins/idea-runner/idea-runner-runtime.jar;C:/TeamCity/buildAgent/plugins/idea-runner/idea-runner-runtime-execution.jar;C:/TeamCity/buildAgent/plugins/antPlugin/ant-runner.jar;C:/TeamCity/buildAgent/lib/common.jar;C:/TeamCity/buildAgent/lib/openapi.jar;C:/TeamCity/buildAgent/plugins/idea-runner/idea-runner-runtime-api.jar;C:/TeamCity/buildAgent/lib/messages.jar
[17:40:14] :	 [Step 1/2] in directory: C:\TeamCity\buildAgent\work\f8b235d5760cff4a
[17:40:18] :	 [Step 1/2] default:
[17:40:18] :	 [Step 1/2] Using IntelliJ IDEA External Make #162.2228.15
[17:40:18]W:	 [Step 1/2] Loading project
[17:40:18]W:		 [Loading project] Module 'bank_maven' is skipped: C:\TeamCity\buildAgent\work\f8b235d5760cff4a\.idea\bank_maven.iml doesn't exist
[17:40:19] :	 [Step 1/2] Building project; isRebuild:true; isMake:false parallel compilation:false
[17:40:19] :	 [Step 1/2] class files data index disabled
[17:40:19] :	 [Step 1/2] Cleaning output directories...
[17:40:19] :	 [Step 1/2] Cleaned output directories in 0
[17:40:19] :	 [Step 1/2] Running 'before' tasks
[17:40:19] :	 [Step 1/2] Checking sources
[17:40:19] :	 [Step 1/2] Running 'after' tasks
[17:40:19] :	 [Step 1/2] Finished, saving caches...
[17:40:19] :	 [Step 1/2] Process exited with code 0
[17:40:19]E: Step 2/2: Test (Maven) (4s)
[17:40:20] :	 [Step 2/2] Initial M2_HOME not set
[17:40:20] :	 [Step 2/2] Current M2_HOME = C:\TeamCity\buildAgent\tools\maven3
[17:40:20] :	 [Step 2/2] PATH = C:\TeamCity\buildAgent\tools\maven3\bin;C:\ProgramData\Anaconda3;C:\ProgramData\Anaconda3\Library\mingw-w64\bin;C:\ProgramData\Anaconda3\Library\usr\bin;C:\ProgramData\Anaconda3\Library\bin;C:\ProgramData\Anaconda3\Scripts;C:\Ruby22-x64\bin;C:\ProgramData\Oracle\Java\javapath;C:\WINDOWS\system32;C:\WINDOWS;C:\WINDOWS\System32\Wbem;C:\WINDOWS\System32\WindowsPowerShell\v1.0\;C:\Program Files\Java\jdk1.8.0_101\bin;C:\Program Files\Java\jre1.8.0_101\bin;C:\Program Files\nodejs\;C:\Program Files (x86)\Skype\Phone\;C:\wamp64\bin\php\php5.6.25;C:\ProgramData\ComposerSetup\bin;C:\Program Files\Intel\WiFi\bin\;C:\Program Files\Common Files\Intel\WirelessCommon\;C:\Program Files (x86)\Yarn\bin\;C:\Program Files\Git\cmd;C:\Program Files (x86)\MySQL\MySQL Utilities 1.6\;C:\Program Files\MiKTeX 2.9\miktex\bin\x64\;C:\WINDOWS\System32\OpenSSH\;C:\WINDOWS\system32\config\systemprofile\AppData\Local\Microsoft\WindowsApps
[17:40:20] :	 [Step 2/2] Using watcher: C:\TeamCity\buildAgent\plugins\mavenPlugin\maven-watcher\maven-watcher-agent.jar
[17:40:20] :	 [Step 2/2] Initial MAVEN_OPTS not set
[17:40:20] :	 [Step 2/2] Current MAVEN_OPTS not set
[17:40:20] :	 [Step 2/2] Starting: "C:\Program Files\Java\jdk1.8.0_101\bin\java.exe" -Dagent.home.dir=C:\TeamCity\buildAgent -Dagent.name=W541 -Dagent.ownPort=9090 -Dagent.work.dir=C:\TeamCity\buildAgent\work -Dbuild.number=8 -Dbuild.vcs.number=5d88047f4227f8b5c195c3d22c7b737186f02cc7 -Dbuild.vcs.number.1=5d88047f4227f8b5c195c3d22c7b737186f02cc7 -Dbuild.vcs.number.JavaBankMaven_HttpsGithubComAlexScheitlinDemoBankAccountRefsHeadsMaster=5d88047f4227f8b5c195c3d22c7b737186f02cc7 -Dclassworlds.conf=C:\TeamCity\buildAgent\temp\buildTmp\teamcity.m2.conf -Dcom.jetbrains.maven.watcher.report.file=C:\TeamCity\buildAgent\temp\buildTmp\maven-build-info.xml -Djava.io.tmpdir=C:\TeamCity\buildAgent\temp\buildTmp -Dmaven.home=C:\TeamCity\buildAgent\tools\maven3 -Dmaven.multiModuleProjectDirectory=C:\TeamCity\buildAgent\work\f8b235d5760cff4a -Dmaven.repo.local=C:/WINDOWS/system32/config/systemprofile/.m2/repository -Dteamcity.agent.cpuBenchmark=654 -Dteamcity.agent.dotnet.agent_url=http://localhost:9090/RPC2 -Dteamcity.agent.dotnet.build_id=60 -Dteamcity.auth.password=******* -Dteamcity.auth.userId=TeamCityBuildId=60 -Dteamcity.build.changedFiles.file=C:\TeamCity\buildAgent\temp\buildTmp\changedFiles2358137387412688313.txt -Dteamcity.build.checkoutDir=C:\TeamCity\buildAgent\work\f8b235d5760cff4a -Dteamcity.build.id=60 -Dteamcity.build.properties.file=C:\TeamCity\buildAgent\temp\buildTmp\teamcity.build4311264608398759601.properties -Dteamcity.build.tempDir=C:\TeamCity\buildAgent\temp\buildTmp -Dteamcity.build.workingDir=C:\TeamCity\buildAgent\work\f8b235d5760cff4a "-Dteamcity.buildConfName=IntelliJ Project Build" -Dteamcity.buildType.id=JavaBankMaven_Build -Dteamcity.configuration.properties.file=C:\TeamCity\buildAgent\temp\buildTmp\teamcity.config484026035128338347.properties -Dteamcity.dotnet.nunitaddin=C:\TeamCity\buildAgent\plugins\dotnetPlugin\bin\JetBrains.TeamCity.NUnitAddin-NUnit -Dteamcity.dotnet.nunitlauncher=C:\TeamCity\buildAgent\plugins\dotnetPlugin\bin\JetBrains.BuildServer.NUnitLauncher.exe -Dteamcity.dotnet.nunitlauncher.msbuild.task=C:\TeamCity\buildAgent\plugins\dotnetPlugin\bin\JetBrains.BuildServer.MSBuildLoggers.dll -Dteamcity.dotnet.nunitlauncher1.1=C:\TeamCity\buildAgent\plugins\dotnetPlugin\bin\JetBrains.BuildServer.NUnitLauncher1.1.exe -Dteamcity.dotnet.nunitlauncher2.0=C:\TeamCity\buildAgent\plugins\dotnetPlugin\bin\JetBrains.BuildServer.NUnitLauncher2.0.exe -Dteamcity.dotnet.nunitlauncher2.0.vsts=C:\TeamCity\buildAgent\plugins\dotnetPlugin\bin\JetBrains.BuildServer.NUnitLauncher2.0.VSTS.exe -Dteamcity.dotnet.platform=C:\TeamCity\buildAgent\plugins\dotnetPlugin\bin\JetBrains.TeamCity.PlatformProcessRunner.1.1.exe -Dteamcity.maven.watcher.home=C:\TeamCity\buildAgent\plugins\mavenPlugin\maven-watcher "-Dteamcity.projectName=Java Bank Maven" -Dteamcity.runner.properties.file=C:\TeamCity\buildAgent\temp\buildTmp\teamcity.runner3083528625688362560.properties -Dteamcity.tests.recentlyFailedTests.file=C:\TeamCity\buildAgent\temp\buildTmp\testsToRunFirst2583320232437045404.txt "-Dteamcity.version=2017.2.3 (build 51047)" -classpath C:\TeamCity\buildAgent\tools\maven3\boot\plexus-classworlds-2.4.jar; org.codehaus.plexus.classworlds.launcher.Launcher -f C:\TeamCity\buildAgent\work\f8b235d5760cff4a\pom.xml -B clean test
[17:40:20] :	 [Step 2/2] in directory: C:\TeamCity\buildAgent\work\f8b235d5760cff4a
[17:40:21] :	 [Step 2/2] [INFO] Scanning for projects...
[17:40:21] :	 [Step 2/2] [INFO]
[17:40:21] :	 [Step 2/2] [INFO] ------------------------------------------------------------------------
[17:40:21] :	 [Step 2/2] [INFO] Building bank_maven 1.0-SNAPSHOT
[17:40:21] :	 [Step 2/2] [INFO] ------------------------------------------------------------------------
[17:40:21] :	 [Step 2/2] [Maven Watcher] project started: bank_maven:bank_maven:jar:1.0-SNAPSHOT
[17:40:21] :	 [Step 2/2] bank_maven:bank_maven (2s)
[17:40:21]i:		 [bank_maven:bank_maven] ##teamcity[importData tc:tags='tc:internal' type='surefire' path='C:/TeamCity/buildAgent/work/f8b235d5760cff4a/target/surefire-reports/TEST-*.xml' whenNoDataPublished='nothing' logAsInternal='true']
[17:40:21] :	 [Step 2/2] Importing data from 'C:/TeamCity/buildAgent/work/f8b235d5760cff4a/target/surefire-reports/TEST-*.xml' (not existing file) with 'surefire' processor
[17:40:21]i:		 [bank_maven:bank_maven] ##teamcity[importData tc:tags='tc:internal' type='surefire' path='C:/TeamCity/buildAgent/work/f8b235d5760cff4a/target/failsafe-reports/TEST-*.xml' whenNoDataPublished='nothing' logAsInternal='true']
[17:40:21] :	 [Step 2/2] [Maven Watcher]
[17:40:21]i:	 [Step 2/2] ##teamcity[projectStarted tc:tags='tc:internal' projectId='bank_maven:bank_maven:jar:1.0-SNAPSHOT' groupId='bank_maven' artifactId='bank_maven' testReportsDir0='C:/TeamCity/buildAgent/work/f8b235d5760cff4a/target/surefire-reports' testReportsDir1='C:/TeamCity/buildAgent/work/f8b235d5760cff4a/target/failsafe-reports']
[17:40:21] :	 [Step 2/2] Importing data from 'C:/TeamCity/buildAgent/work/f8b235d5760cff4a/target/failsafe-reports/TEST-*.xml' (not existing file) with 'surefire' processor
[17:40:21] :	 [Step 2/2] Surefire report watcher
[17:40:21] :		 [Surefire report watcher] Watching paths:
[17:40:21] :		 [Surefire report watcher] C:\TeamCity\buildAgent\work\f8b235d5760cff4a\target\surefire-reports\TEST-*.xml
[17:40:21] :	 [Step 2/2] [INFO]
[17:40:21] :	 [Step 2/2] [INFO] --- maven-clean-plugin:2.4.1:clean (default-clean) @ bank_maven ---
[17:40:21] :	 [Step 2/2] [INFO] Deleting C:\TeamCity\buildAgent\work\f8b235d5760cff4a\target
[17:40:21] :	 [Step 2/2] [INFO]
[17:40:21] :	 [Step 2/2] [INFO] --- maven-resources-plugin:2.5:resources (default-resources) @ bank_maven ---
[17:40:21] :	 [Step 2/2] Surefire report watcher
[17:40:21] :		 [Surefire report watcher] Watching paths:
[17:40:21] :		 [Surefire report watcher] C:\TeamCity\buildAgent\work\f8b235d5760cff4a\target\failsafe-reports\TEST-*.xml
[17:40:21] :	 [Step 2/2] [debug] execute contextualize
[17:40:21]W:	 [Step 2/2] [WARNING] Using platform encoding (Cp1252 actually) to copy filtered resources, i.e. build is platform dependent!
[17:40:21] :	 [Step 2/2] [INFO] skip non existing resourceDirectory C:\TeamCity\buildAgent\work\f8b235d5760cff4a\src\main\resources
[17:40:21] :	 [Step 2/2] [INFO]
[17:40:21] :	 [Step 2/2] [INFO] --- maven-compiler-plugin:2.3.2:compile (default-compile) @ bank_maven ---
[17:40:21]W:	 [Step 2/2] [WARNING] File encoding has not been set, using platform encoding Cp1252, i.e. build is platform dependent!
[17:40:21] :	 [Step 2/2] [INFO] Compiling 4 source files to C:\TeamCity\buildAgent\work\f8b235d5760cff4a\target\classes
[17:40:22] :	 [Step 2/2] [INFO]
[17:40:22] :	 [Step 2/2] [INFO] --- maven-resources-plugin:2.5:testResources (default-testResources) @ bank_maven ---
[17:40:22] :	 [Step 2/2] [debug] execute contextualize
[17:40:22]W:	 [Step 2/2] [WARNING] Using platform encoding (Cp1252 actually) to copy filtered resources, i.e. build is platform dependent!
[17:40:22] :	 [Step 2/2] [INFO] skip non existing resourceDirectory C:\TeamCity\buildAgent\work\f8b235d5760cff4a\src\test\resources
[17:40:22] :	 [Step 2/2] [INFO]
[17:40:22] :	 [Step 2/2] [INFO] --- maven-compiler-plugin:2.3.2:testCompile (default-testCompile) @ bank_maven ---
[17:40:22]W:	 [Step 2/2] [WARNING] File encoding has not been set, using platform encoding Cp1252, i.e. build is platform dependent!
[17:40:22] :	 [Step 2/2] [INFO] Compiling 3 source files to C:\TeamCity\buildAgent\work\f8b235d5760cff4a\target\test-classes
[17:40:22] :	 [Step 2/2] [INFO]
[17:40:22] :	 [Step 2/2] [INFO] --- maven-surefire-plugin:2.10:test (default-test) @ bank_maven ---
[17:40:23] :	 [Step 2/2] [INFO] Surefire report directory: C:\TeamCity\buildAgent\work\f8b235d5760cff4a\target\surefire-reports
[17:40:23] :	 [Step 2/2]
[17:40:23] :	 [Step 2/2] -------------------------------------------------------
[17:40:23] :	 [Step 2/2]  T E S T S
[17:40:23] :	 [Step 2/2] -------------------------------------------------------
[17:40:23] :	 [Step 2/2] Running com.example.bank.BankAccountTest
[17:40:23] :	 [Step 2/2] Tests run: 9, Failures: 2, Errors: 1, Skipped: 0, Time elapsed: 0.094 sec <<< FAILURE!
[17:40:23] :	 [Step 2/2] Running com.example.bank.TableTest
[17:40:23] :	 [Step 2/2] Tests run: 1, Failures: 1, Errors: 0, Skipped: 0, Time elapsed: 0.002 sec <<< FAILURE!
[17:40:23] :	 [Step 2/2] Running com.example.bank.TransactionTest
[17:40:23] :	 [Step 2/2] Tests run: 3, Failures: 0, Errors: 0, Skipped: 0, Time elapsed: 0.002 sec
[17:40:23]F:	 [Step 2/2] com.example.bank.BankAccountTest
[17:40:23]i:		 [com.example.bank.BankAccountTest] makeDeposit_WithValidAmount_UpdateBalance
[17:40:23]i:		 [com.example.bank.BankAccountTest] makeWithdrawal_WithValidAmount_UpdateBalance
[17:40:23]i:		 [com.example.bank.BankAccountTest] makeWithdrawal_WithInvalidAmount_SmallerThanZero
[17:40:23]i:		 [com.example.bank.BankAccountTest] makeDeposit_WithInvalidAmount_SmallerThanZero
[17:40:23]F:		 [com.example.bank.BankAccountTest] getNumber
[17:40:23]F:			 [getNumber] java.lang.AssertionError
[17:40:23]F:			 [getNumber] java.lang.AssertionError
	at org.junit.Assert.fail(Assert.java:86)
	at org.junit.Assert.assertTrue(Assert.java:41)
	at org.junit.Assert.assertTrue(Assert.java:52)
	at com.example.bank.BankAccountTest.getNumber(BankAccountTest.java:21)
	at sun.reflect.NativeMethodAccessorImpl.invoke0(Native Method)
	at sun.reflect.NativeMethodAccessorImpl.invoke(NativeMethodAccessorImpl.java:62)
	at sun.reflect.DelegatingMethodAccessorImpl.invoke(DelegatingMethodAccessorImpl.java:43)
	at java.lang.reflect.Method.invoke(Method.java:498)
	at org.junit.runners.model.FrameworkMethod$1.runReflectiveCall(FrameworkMethod.java:50)
	at org.junit.internal.runners.model.ReflectiveCallable.run(ReflectiveCallable.java:12)
	at org.junit.runners.model.FrameworkMethod.invokeExplosively(FrameworkMethod.java:47)
	at org.junit.internal.runners.statements.InvokeMethod.evaluate(InvokeMethod.java:17)
	at org.junit.runners.ParentRunner.runLeaf(ParentRunner.java:325)
	at org.junit.runners.BlockJUnit4ClassRunner.runChild(BlockJUnit4ClassRunner.java:78)
	at org.junit.runners.BlockJUnit4ClassRunner.runChild(BlockJUnit4ClassRunner.java:57)
	at org.junit.runners.ParentRunner$3.run(ParentRunner.java:290)
	at org.junit.runners.ParentRunner$1.schedule(ParentRunner.java:71)
	at org.junit.runners.ParentRunner.runChildren(ParentRunner.java:288)
	at org.junit.runners.ParentRunner.access$000(ParentRunner.java:58)
	at org.junit.runners.ParentRunner$2.evaluate(ParentRunner.java:268)
	at org.junit.runners.ParentRunner.run(ParentRunner.java:363)
	at org.apache.maven.surefire.junit4.JUnit4TestSet.execute(JUnit4TestSet.java:53)
	at org.apache.maven.surefire.junit4.JUnit4Provider.executeTestSet(JUnit4Provider.java:123)
	at org.apache.maven.surefire.junit4.JUnit4Provider.invoke(JUnit4Provider.java:104)
	at sun.reflect.NativeMethodAccessorImpl.invoke0(Native Method)
	at sun.reflect.NativeMethodAccessorImpl.invoke(NativeMethodAccessorImpl.java:62)
	at sun.reflect.DelegatingMethodAccessorImpl.invoke(DelegatingMethodAccessorImpl.java:43)
	at java.lang.reflect.Method.invoke(Method.java:498)
	at org.apache.maven.surefire.util.ReflectionUtils.invokeMethodWithArray(ReflectionUtils.java:164)
	at org.apache.maven.surefire.booter.ProviderFactory$ProviderProxy.invoke(ProviderFactory.java:110)
	at org.apache.maven.surefire.booter.SurefireStarter.invokeProvider(SurefireStarter.java:175)
	at org.apache.maven.surefire.booter.SurefireStarter.runSuitesInProcessWhenForked(SurefireStarter.java:107)
	at org.apache.maven.surefire.booter.ForkedBooter.main(ForkedBooter.java:68)
[17:40:24]E:	 [Step 2/2] Failed tests detected
[17:40:23]F:		 [com.example.bank.BankAccountTest] getBalance
[17:40:23]F:			 [getBalance] java.lang.AssertionError: expected:<1000000.0> but was:<1000001.0>
[17:40:23]F:			 [getBalance] java.lang.AssertionError: expected:<1000000.0> but was:<1000001.0>
	at org.junit.Assert.fail(Assert.java:88)
	at org.junit.Assert.failNotEquals(Assert.java:834)
	at org.junit.Assert.assertEquals(Assert.java:553)
	at org.junit.Assert.assertEquals(Assert.java:683)
	at com.example.bank.BankAccountTest.getBalance(BankAccountTest.java:49)
	at sun.reflect.NativeMethodAccessorImpl.invoke0(Native Method)
	at sun.reflect.NativeMethodAccessorImpl.invoke(NativeMethodAccessorImpl.java:62)
	at sun.reflect.DelegatingMethodAccessorImpl.invoke(DelegatingMethodAccessorImpl.java:43)
	at java.lang.reflect.Method.invoke(Method.java:498)
	at org.junit.runners.model.FrameworkMethod$1.runReflectiveCall(FrameworkMethod.java:50)
	at org.junit.internal.runners.model.ReflectiveCallable.run(ReflectiveCallable.java:12)
	at org.junit.runners.model.FrameworkMethod.invokeExplosively(FrameworkMethod.java:47)
	at org.junit.internal.runners.statements.InvokeMethod.evaluate(InvokeMethod.java:17)
	at org.junit.runners.ParentRunner.runLeaf(ParentRunner.java:325)
	at org.junit.runners.BlockJUnit4ClassRunner.runChild(BlockJUnit4ClassRunner.java:78)
	at org.junit.runners.BlockJUnit4ClassRunner.runChild(BlockJUnit4ClassRunner.java:57)
	at org.junit.runners.ParentRunner$3.run(ParentRunner.java:290)
	at org.junit.runners.ParentRunner$1.schedule(ParentRunner.java:71)
	at org.junit.runners.ParentRunner.runChildren(ParentRunner.java:288)
	at org.junit.runners.ParentRunner.access$000(ParentRunner.java:58)
	at org.junit.runners.ParentRunner$2.evaluate(ParentRunner.java:268)
	at org.junit.runners.ParentRunner.run(ParentRunner.java:363)
	at org.apache.maven.surefire.junit4.JUnit4TestSet.execute(JUnit4TestSet.java:53)
	at org.apache.maven.surefire.junit4.JUnit4Provider.executeTestSet(JUnit4Provider.java:123)
	at org.apache.maven.surefire.junit4.JUnit4Provider.invoke(JUnit4Provider.java:104)
	at sun.reflect.NativeMethodAccessorImpl.invoke0(Native Method)
	at sun.reflect.NativeMethodAccessorImpl.invoke(NativeMethodAccessorImpl.java:62)
	at sun.reflect.DelegatingMethodAccessorImpl.invoke(DelegatingMethodAccessorImpl.java:43)
	at java.lang.reflect.Method.invoke(Method.java:498)
	at org.apache.maven.surefire.util.ReflectionUtils.invokeMethodWithArray(ReflectionUtils.java:164)
	at org.apache.maven.surefire.booter.ProviderFactory$ProviderProxy.invoke(ProviderFactory.java:110)
	at org.apache.maven.surefire.booter.SurefireStarter.invokeProvider(SurefireStarter.java:175)
	at org.apache.maven.surefire.booter.SurefireStarter.runSuitesInProcessWhenForked(SurefireStarter.java:107)
	at org.apache.maven.surefire.booter.ForkedBooter.main(ForkedBooter.java:68)
[17:40:23]i:		 [com.example.bank.BankAccountTest] makeWithdrawal_WithInvalidAmount_LargerThanBalance
[17:40:23]i:		 [com.example.bank.BankAccountTest] getAccountHistory
[17:40:23]F:		 [com.example.bank.BankAccountTest] getOwner
[17:40:23]F:			 [getOwner] java.lang.IllegalArgumentException: Deposit amount less than zero
[17:40:23]F:			 [getOwner] java.lang.IllegalArgumentException: Deposit amount less than zero
	at com.example.bank.BankAccount.makeDeposit(BankAccount.java:127)
	at com.example.bank.BankAccount.<init>(BankAccount.java:56)
	at com.example.bank.BankAccountTest.getOwner(BankAccountTest.java:29)
	at sun.reflect.NativeMethodAccessorImpl.invoke0(Native Method)
	at sun.reflect.NativeMethodAccessorImpl.invoke(NativeMethodAccessorImpl.java:62)
	at sun.reflect.DelegatingMethodAccessorImpl.invoke(DelegatingMethodAccessorImpl.java:43)
	at java.lang.reflect.Method.invoke(Method.java:498)
	at org.junit.runners.model.FrameworkMethod$1.runReflectiveCall(FrameworkMethod.java:50)
	at org.junit.internal.runners.model.ReflectiveCallable.run(ReflectiveCallable.java:12)
	at org.junit.runners.model.FrameworkMethod.invokeExplosively(FrameworkMethod.java:47)
	at org.junit.internal.runners.statements.InvokeMethod.evaluate(InvokeMethod.java:17)
	at org.junit.runners.ParentRunner.runLeaf(ParentRunner.java:325)
	at org.junit.runners.BlockJUnit4ClassRunner.runChild(BlockJUnit4ClassRunner.java:78)
	at org.junit.runners.BlockJUnit4ClassRunner.runChild(BlockJUnit4ClassRunner.java:57)
	at org.junit.runners.ParentRunner$3.run(ParentRunner.java:290)
	at org.junit.runners.ParentRunner$1.schedule(ParentRunner.java:71)
	at org.junit.runners.ParentRunner.runChildren(ParentRunner.java:288)
	at org.junit.runners.ParentRunner.access$000(ParentRunner.java:58)
	at org.junit.runners.ParentRunner$2.evaluate(ParentRunner.java:268)
	at org.junit.runners.ParentRunner.run(ParentRunner.java:363)
	at org.apache.maven.surefire.junit4.JUnit4TestSet.execute(JUnit4TestSet.java:53)
	at org.apache.maven.surefire.junit4.JUnit4Provider.executeTestSet(JUnit4Provider.java:123)
	at org.apache.maven.surefire.junit4.JUnit4Provider.invoke(JUnit4Provider.java:104)
	at sun.reflect.NativeMethodAccessorImpl.invoke0(Native Method)
	at sun.reflect.NativeMethodAccessorImpl.invoke(NativeMethodAccessorImpl.java:62)
	at sun.reflect.DelegatingMethodAccessorImpl.invoke(DelegatingMethodAccessorImpl.java:43)
	at java.lang.reflect.Method.invoke(Method.java:498)
	at org.apache.maven.surefire.util.ReflectionUtils.invokeMethodWithArray(ReflectionUtils.java:164)
	at org.apache.maven.surefire.booter.ProviderFactory$ProviderProxy.invoke(ProviderFactory.java:110)
	at org.apache.maven.surefire.booter.SurefireStarter.invokeProvider(SurefireStarter.java:175)
	at org.apache.maven.surefire.booter.SurefireStarter.runSuitesInProcessWhenForked(SurefireStarter.java:107)
	at org.apache.maven.surefire.booter.ForkedBooter.main(ForkedBooter.java:68)
[17:40:23]F:	 [Step 2/2] com.example.bank.TableTest
[17:40:23]F:		 [com.example.bank.TableTest] dataToTable
[17:40:23]F:			 [dataToTable] java.lang.AssertionError
[17:40:23]F:			 [dataToTable] java.lang.AssertionError
	at org.junit.Assert.fail(Assert.java:86)
	at org.junit.Assert.assertTrue(Assert.java:41)
	at org.junit.Assert.assertTrue(Assert.java:52)
	at com.example.bank.TableTest.dataToTable(TableTest.java:26)
	at sun.reflect.NativeMethodAccessorImpl.invoke0(Native Method)
	at sun.reflect.NativeMethodAccessorImpl.invoke(NativeMethodAccessorImpl.java:62)
	at sun.reflect.DelegatingMethodAccessorImpl.invoke(DelegatingMethodAccessorImpl.java:43)
	at java.lang.reflect.Method.invoke(Method.java:498)
	at org.junit.runners.model.FrameworkMethod$1.runReflectiveCall(FrameworkMethod.java:50)
	at org.junit.internal.runners.model.ReflectiveCallable.run(ReflectiveCallable.java:12)
	at org.junit.runners.model.FrameworkMethod.invokeExplosively(FrameworkMethod.java:47)
	at org.junit.internal.runners.statements.InvokeMethod.evaluate(InvokeMethod.java:17)
	at org.junit.runners.ParentRunner.runLeaf(ParentRunner.java:325)
	at org.junit.runners.BlockJUnit4ClassRunner.runChild(BlockJUnit4ClassRunner.java:78)
	at org.junit.runners.BlockJUnit4ClassRunner.runChild(BlockJUnit4ClassRunner.java:57)
	at org.junit.runners.ParentRunner$3.run(ParentRunner.java:290)
	at org.junit.runners.ParentRunner$1.schedule(ParentRunner.java:71)
	at org.junit.runners.ParentRunner.runChildren(ParentRunner.java:288)
	at org.junit.runners.ParentRunner.access$000(ParentRunner.java:58)
	at org.junit.runners.ParentRunner$2.evaluate(ParentRunner.java:268)
	at org.junit.runners.ParentRunner.run(ParentRunner.java:363)
	at org.apache.maven.surefire.junit4.JUnit4TestSet.execute(JUnit4TestSet.java:53)
	at org.apache.maven.surefire.junit4.JUnit4Provider.executeTestSet(JUnit4Provider.java:123)
	at org.apache.maven.surefire.junit4.JUnit4Provider.invoke(JUnit4Provider.java:104)
	at sun.reflect.NativeMethodAccessorImpl.invoke0(Native Method)
	at sun.reflect.NativeMethodAccessorImpl.invoke(NativeMethodAccessorImpl.java:62)
	at sun.reflect.DelegatingMethodAccessorImpl.invoke(DelegatingMethodAccessorImpl.java:43)
	at java.lang.reflect.Method.invoke(Method.java:498)
	at org.apache.maven.surefire.util.ReflectionUtils.invokeMethodWithArray(ReflectionUtils.java:164)
	at org.apache.maven.surefire.booter.ProviderFactory$ProviderProxy.invoke(ProviderFactory.java:110)
	at org.apache.maven.surefire.booter.SurefireStarter.invokeProvider(SurefireStarter.java:175)
	at org.apache.maven.surefire.booter.SurefireStarter.runSuitesInProcessWhenForked(SurefireStarter.java:107)
	at org.apache.maven.surefire.booter.ForkedBooter.main(ForkedBooter.java:68)
[17:40:23] :	 [Step 2/2]
[17:40:23] :	 [Step 2/2] Results :
[17:40:23] :	 [Step 2/2]
[17:40:23] :	 [Step 2/2] Failed tests:   getNumber(com.example.bank.BankAccountTest)
[17:40:23] :	 [Step 2/2]   getBalance(com.example.bank.BankAccountTest): expected:<1000000.0> but was:<1000001.0>
[17:40:23] :	 [Step 2/2]   dataToTable(com.example.bank.TableTest)
[17:40:23] :	 [Step 2/2]
[17:40:23] :	 [Step 2/2] Tests in error:
[17:40:23] :	 [Step 2/2]   getOwner(com.example.bank.BankAccountTest): Deposit amount less than zero
[17:40:23] :	 [Step 2/2]
[17:40:23] :	 [Step 2/2] Tests run: 13, Failures: 3, Errors: 1, Skipped: 0
[17:40:23] :	 [Step 2/2]
[17:40:23] :	 [Step 2/2] [Maven Watcher]
[17:40:23]E:	 [Step 2/2] Failed to execute goal org.apache.maven.plugins:maven-surefire-plugin:2.10:test (default-test) on project bank_maven: There are test failures.

Please refer to C:\TeamCity\buildAgent\work\f8b235d5760cff4a\target\surefire-reports for the individual test results.
[17:40:23] :	 [Step 2/2] [Maven Watcher]
[17:40:23]i:	 [Step 2/2] ##teamcity[projectFinished tc:tags='tc:internal' projectId='bank_maven:bank_maven:jar:1.0-SNAPSHOT']
[17:40:23] :	 [Step 2/2] [INFO] ------------------------------------------------------------------------
[17:40:23] :	 [Step 2/2] [INFO] BUILD FAILURE
[17:40:23] :	 [Step 2/2] [INFO] ------------------------------------------------------------------------
[17:40:23] :	 [Step 2/2] [INFO] Total time: 2.644s
[17:40:23] :	 [Step 2/2] [INFO] Finished at: Mon May 14 17:40:23 CEST 2018
[17:40:23] :	 [Step 2/2] [INFO] Final Memory: 17M/208M
[17:40:23] :	 [Step 2/2] [INFO] ------------------------------------------------------------------------
[17:40:23] :	 [Step 2/2] [Maven Watcher] building report document...
[17:40:23] :	 [Step 2/2] [Maven Watcher] building report document done
[17:40:23] :	 [Step 2/2] [Maven Watcher] writing report to C:\TeamCity\buildAgent\temp\buildTmp\maven-build-info.xml
[17:40:23] :	 [Step 2/2] [Maven Watcher] done writing report
[17:40:23]W:	 [Step 2/2] [ERROR] Failed to execute goal org.apache.maven.plugins:maven-surefire-plugin:2.10:test (default-test) on project bank_maven: There are test failures.
[17:40:23]W:	 [Step 2/2] [ERROR]
[17:40:23]W:	 [Step 2/2] [ERROR] Please refer to C:\TeamCity\buildAgent\work\f8b235d5760cff4a\target\surefire-reports for the individual test results.
[17:40:23]W:	 [Step 2/2] [ERROR] -> [Help 1]
[17:40:23]W:	 [Step 2/2] [ERROR]
[17:40:23]W:	 [Step 2/2] [ERROR] To see the full stack trace of the errors, re-run Maven with the -e switch.
[17:40:23]W:	 [Step 2/2] [ERROR] Re-run Maven using the -X switch to enable full debug logging.
[17:40:23]W:	 [Step 2/2] [ERROR]
[17:40:23]W:	 [Step 2/2] [ERROR] For more information about the errors and possible solutions, please read the following articles:
[17:40:23]W:	 [Step 2/2] [ERROR] [Help 1] http://cwiki.apache.org/confluence/display/MAVEN/MojoFailureException
[17:40:23]W:	 [Step 2/2] Process exited with code 1
[17:40:23] :	 [Step 2/2] Publishing artifacts
[17:40:24] :		 [Publishing artifacts] Collecting files to publish: [C:\TeamCity\buildAgent\temp\buildTmp\.tc-maven-bi\maven-build-info.xml.gz => .teamcity]
[17:40:24] :		 [Publishing artifacts] Publishing 1 file using [WebPublisher]: C:/TeamCity/buildAgent/temp/buildTmp/.tc-maven-bi/maven-build-info.xml.gz => .teamcity
[17:40:24] :		 [Publishing artifacts] Publishing 1 file using [ArtifactsCachePublisher]: C:/TeamCity/buildAgent/temp/buildTmp/.tc-maven-bi/maven-build-info.xml.gz => .teamcity
[17:40:24]E:	 [Step 2/2] Process exited with code 1
[17:40:24] :	 [Step 2/2] Waiting for 2 service processes to complete
[17:40:24]i:	 [Step 2/2] com.example.bank.TransactionTest
[17:40:24]i:		 [com.example.bank.TransactionTest] getDate
[17:40:24]i:		 [com.example.bank.TransactionTest] getAmount
[17:40:24]i:		 [com.example.bank.TransactionTest] getNotes
[17:40:24] :	 [Step 2/2] Surefire report watcher
[17:40:24] :		 [Surefire report watcher] 3 reports found for paths:
[17:40:24] :		 [Surefire report watcher] C:\TeamCity\buildAgent\work\f8b235d5760cff4a\target\surefire-reports\TEST-*.xml
[17:40:24] :		 [Surefire report watcher] Successfully parsed
[17:40:24] :			 [Successfully parsed] 3 reports
[17:40:24]E:	 [Step 2/2] Step Test (Maven) failed
[17:40:24] : Publishing internal artifacts
[17:40:24] :	 [Publishing internal artifacts] Publishing 1 file using [WebPublisher]
[17:40:24] :	 [Publishing internal artifacts] Publishing 1 file using [ArtifactsCachePublisher]
[17:40:24]E: 4 failed tests detected
[17:40:24] : Build finished